<?xml version="1.0" encoding="UTF-8"?>
<coverage generated="1729280910385" clover="3.2.0">
  <project timestamp="1729280910385" name="All files">
    <metrics statements="297" coveredstatements="275" conditionals="57" coveredconditionals="47" methods="73" coveredmethods="60" elements="427" coveredelements="382" complexity="0" loc="297" ncloc="297" packages="16" files="28" classes="28"/>
    <package name="Context">
      <metrics statements="1" coveredstatements="1" conditionals="0" coveredconditionals="0" methods="0" coveredmethods="0"/>
      <file name="index.tsx" path="C:\Pedro\projetos\particulares\caju-front-teste-1\src\Context\index.tsx">
        <metrics statements="1" coveredstatements="1" conditionals="0" coveredconditionals="0" methods="0" coveredmethods="0"/>
        <line num="1" count="5" type="stmt"/>
      </file>
    </package>
    <package name="Context.Cadastros">
      <metrics statements="33" coveredstatements="27" conditionals="4" coveredconditionals="3" methods="12" coveredmethods="9"/>
      <file name="index.tsx" path="C:\Pedro\projetos\particulares\caju-front-teste-1\src\Context\Cadastros\index.tsx">
        <metrics statements="1" coveredstatements="1" conditionals="0" coveredconditionals="0" methods="0" coveredmethods="0"/>
        <line num="1" count="5" type="stmt"/>
      </file>
      <file name="useCadastroContext.tsx" path="C:\Pedro\projetos\particulares\caju-front-teste-1\src\Context\Cadastros\useCadastroContext.tsx">
        <metrics statements="32" coveredstatements="26" conditionals="4" coveredconditionals="3" methods="12" coveredmethods="9"/>
        <line num="1" count="6" type="stmt"/>
        <line num="2" count="6" type="stmt"/>
        <line num="3" count="6" type="stmt"/>
        <line num="33" count="6" type="stmt"/>
        <line num="35" count="6" type="stmt"/>
        <line num="36" count="11" type="stmt"/>
        <line num="37" count="11" type="stmt"/>
        <line num="41" count="11" type="stmt"/>
        <line num="44" count="11" type="stmt"/>
        <line num="46" count="11" type="stmt"/>
        <line num="47" count="1" type="stmt"/>
        <line num="57" count="11" type="stmt"/>
        <line num="59" count="11" type="stmt"/>
        <line num="60" count="4" type="stmt"/>
        <line num="63" count="11" type="stmt"/>
        <line num="64" count="1" type="stmt"/>
        <line num="67" count="11" type="stmt"/>
        <line num="68" count="0" type="stmt"/>
        <line num="69" count="0" type="cond" truecount="0" falsecount="1"/>
        <line num="70" count="0" type="stmt"/>
        <line num="72" count="0" type="stmt"/>
        <line num="77" count="11" type="stmt"/>
        <line num="78" count="1" type="stmt"/>
        <line num="81" count="11" type="stmt"/>
        <line num="82" count="4" type="cond" truecount="3" falsecount="0"/>
        <line num="83" count="4" type="stmt"/>
        <line num="87" count="11" type="stmt"/>
        <line num="88" count="0" type="stmt"/>
        <line num="92" count="0" type="stmt"/>
        <line num="95" count="11" type="stmt"/>
        <line num="112" count="11" type="stmt"/>
        <line num="119" count="10" type="stmt"/>
      </file>
    </package>
    <package name="components.Buttons">
      <metrics statements="11" coveredstatements="11" conditionals="6" coveredconditionals="5" methods="4" coveredmethods="4"/>
      <file name="IconButton.tsx" path="C:\Pedro\projetos\particulares\caju-front-teste-1\src\components\Buttons\IconButton.tsx">
        <metrics statements="4" coveredstatements="4" conditionals="0" coveredconditionals="0" methods="1" coveredmethods="1"/>
        <line num="1" count="3" type="stmt"/>
        <line num="3" count="3" type="stmt"/>
        <line num="22" count="3" type="stmt"/>
        <line num="23" count="21" type="stmt"/>
      </file>
      <file name="index.tsx" path="C:\Pedro\projetos\particulares\caju-front-teste-1\src\components\Buttons\index.tsx">
        <metrics statements="7" coveredstatements="7" conditionals="6" coveredconditionals="5" methods="3" coveredmethods="3"/>
        <line num="1" count="7" type="stmt"/>
        <line num="3" count="7" type="stmt"/>
        <line num="10" count="34" type="cond" truecount="2" falsecount="0"/>
        <line num="19" count="7" type="stmt"/>
        <line num="28" count="9" type="cond" truecount="1" falsecount="1"/>
        <line num="29" count="9" type="cond" truecount="2" falsecount="0"/>
        <line num="33" count="7" type="stmt"/>
      </file>
    </package>
    <package name="components.ModalConfirmacao">
      <metrics statements="24" coveredstatements="24" conditionals="7" coveredconditionals="7" methods="5" coveredmethods="5"/>
      <file name="index.tsx" path="C:\Pedro\projetos\particulares\caju-front-teste-1\src\components\ModalConfirmacao\index.tsx">
        <metrics statements="19" coveredstatements="19" conditionals="7" coveredconditionals="7" methods="5" coveredmethods="5"/>
        <line num="1" count="2" type="stmt"/>
        <line num="3" count="2" type="stmt"/>
        <line num="4" count="2" type="stmt"/>
        <line num="6" count="2" type="stmt"/>
        <line num="8" count="6" type="stmt"/>
        <line num="10" count="6" type="stmt"/>
        <line num="11" count="1" type="cond" truecount="3" falsecount="0"/>
        <line num="12" count="1" type="stmt"/>
        <line num="14" count="1" type="stmt"/>
        <line num="17" count="6" type="stmt"/>
        <line num="18" count="5" type="cond" truecount="1" falsecount="0"/>
        <line num="19" count="1" type="stmt"/>
        <line num="22" count="4" type="cond" truecount="1" falsecount="0"/>
        <line num="23" count="1" type="stmt"/>
        <line num="26" count="3" type="stmt"/>
        <line num="29" count="6" type="stmt"/>
        <line num="43" count="1" type="stmt"/>
        <line num="49" count="1" type="stmt"/>
        <line num="61" count="2" type="stmt"/>
      </file>
      <file name="styles.tsx" path="C:\Pedro\projetos\particulares\caju-front-teste-1\src\components\ModalConfirmacao\styles.tsx">
        <metrics statements="5" coveredstatements="5" conditionals="0" coveredconditionals="0" methods="0" coveredmethods="0"/>
        <line num="1" count="2" type="stmt"/>
        <line num="3" count="2" type="stmt"/>
        <line num="13" count="2" type="stmt"/>
        <line num="25" count="2" type="stmt"/>
        <line num="32" count="2" type="stmt"/>
      </file>
    </package>
    <package name="components.ModalMessage">
      <metrics statements="13" coveredstatements="13" conditionals="2" coveredconditionals="2" methods="2" coveredmethods="2"/>
      <file name="index.tsx" path="C:\Pedro\projetos\particulares\caju-front-teste-1\src\components\ModalMessage\index.tsx">
        <metrics statements="8" coveredstatements="8" conditionals="2" coveredconditionals="2" methods="2" coveredmethods="2"/>
        <line num="1" count="2" type="stmt"/>
        <line num="3" count="2" type="stmt"/>
        <line num="4" count="2" type="stmt"/>
        <line num="6" count="2" type="stmt"/>
        <line num="7" count="3" type="stmt"/>
        <line num="9" count="3" type="stmt"/>
        <line num="21" count="1" type="stmt"/>
        <line num="33" count="2" type="stmt"/>
      </file>
      <file name="styles.tsx" path="C:\Pedro\projetos\particulares\caju-front-teste-1\src\components\ModalMessage\styles.tsx">
        <metrics statements="5" coveredstatements="5" conditionals="0" coveredconditionals="0" methods="0" coveredmethods="0"/>
        <line num="1" count="2" type="stmt"/>
        <line num="3" count="2" type="stmt"/>
        <line num="13" count="2" type="stmt"/>
        <line num="25" count="2" type="stmt"/>
        <line num="34" count="2" type="stmt"/>
      </file>
    </package>
    <package name="components.TextField">
      <metrics statements="6" coveredstatements="6" conditionals="0" coveredconditionals="0" methods="1" coveredmethods="1"/>
      <file name="index.tsx" path="C:\Pedro\projetos\particulares\caju-front-teste-1\src\components\TextField\index.tsx">
        <metrics statements="6" coveredstatements="6" conditionals="0" coveredconditionals="0" methods="1" coveredmethods="1"/>
        <line num="2" count="3" type="stmt"/>
        <line num="4" count="3" type="stmt"/>
        <line num="24" count="3" type="stmt"/>
        <line num="34" count="3" type="stmt"/>
        <line num="35" count="72" type="stmt"/>
        <line num="44" count="3" type="stmt"/>
      </file>
    </package>
    <package name="hooks.useDadosDashboard">
      <metrics statements="35" coveredstatements="25" conditionals="4" coveredconditionals="2" methods="14" coveredmethods="7"/>
      <file name="index.tsx" path="C:\Pedro\projetos\particulares\caju-front-teste-1\src\hooks\useDadosDashboard\index.tsx">
        <metrics statements="1" coveredstatements="1" conditionals="0" coveredconditionals="0" methods="1" coveredmethods="1"/>
        <line num="1" count="17" type="stmt"/>
      </file>
      <file name="useDadosDashboard.tsx" path="C:\Pedro\projetos\particulares\caju-front-teste-1\src\hooks\useDadosDashboard\useDadosDashboard.tsx">
        <metrics statements="34" coveredstatements="24" conditionals="4" coveredconditionals="2" methods="13" coveredmethods="6"/>
        <line num="1" count="6" type="stmt"/>
        <line num="2" count="6" type="stmt"/>
        <line num="5" count="6" type="stmt"/>
        <line num="12" count="6" type="stmt"/>
        <line num="13" count="11" type="stmt"/>
        <line num="14" count="11" type="stmt"/>
        <line num="16" count="11" type="stmt"/>
        <line num="17" count="5" type="stmt"/>
        <line num="18" count="5" type="cond" truecount="1" falsecount="0"/>
        <line num="19" count="1" type="stmt"/>
        <line num="22" count="5" type="stmt"/>
        <line num="24" count="5" type="stmt"/>
        <line num="28" count="5" type="stmt"/>
        <line num="31" count="5" type="stmt"/>
        <line num="32" count="5" type="stmt"/>
        <line num="35" count="0" type="stmt"/>
        <line num="39" count="11" type="stmt"/>
        <line num="44" count="1" type="stmt"/>
        <line num="52" count="1" type="cond" truecount="1" falsecount="0"/>
        <line num="53" count="1" type="stmt"/>
        <line num="54" count="1" type="stmt"/>
        <line num="58" count="0" type="stmt"/>
        <line num="62" count="11" type="stmt"/>
        <line num="63" count="0" type="stmt"/>
        <line num="70" count="0" type="cond" truecount="0" falsecount="1"/>
        <line num="71" count="0" type="stmt"/>
        <line num="73" count="0" type="stmt"/>
        <line num="77" count="0" type="stmt"/>
        <line num="81" count="11" type="stmt"/>
        <line num="82" count="0" type="stmt"/>
        <line num="92" count="0" type="cond" truecount="0" falsecount="1"/>
        <line num="93" count="0" type="stmt"/>
        <line num="98" count="11" type="stmt"/>
        <line num="108" count="6" type="stmt"/>
      </file>
    </package>
    <package name="pages.Dashboard">
      <metrics statements="21" coveredstatements="20" conditionals="2" coveredconditionals="1" methods="2" coveredmethods="2"/>
      <file name="index.tsx" path="C:\Pedro\projetos\particulares\caju-front-teste-1\src\pages\Dashboard\index.tsx">
        <metrics statements="19" coveredstatements="18" conditionals="2" coveredconditionals="1" methods="2" coveredmethods="2"/>
        <line num="1" count="1" type="stmt"/>
        <line num="2" count="1" type="stmt"/>
        <line num="3" count="1" type="stmt"/>
        <line num="4" count="1" type="stmt"/>
        <line num="5" count="1" type="stmt"/>
        <line num="6" count="1" type="stmt"/>
        <line num="7" count="1" type="stmt"/>
        <line num="9" count="1" type="stmt"/>
        <line num="10" count="1" type="stmt"/>
        <line num="12" count="1" type="stmt"/>
        <line num="13" count="2" type="stmt"/>
        <line num="101" count="2" type="stmt"/>
        <line num="102" count="2" type="stmt"/>
        <line num="105" count="2" type="cond" truecount="0" falsecount="1"/>
        <line num="106" count="0" type="stmt"/>
        <line num="109" count="2" type="cond" truecount="1" falsecount="0"/>
        <line num="110" count="1" type="stmt"/>
        <line num="113" count="1" type="stmt"/>
        <line num="124" count="1" type="stmt"/>
      </file>
      <file name="styles.tsx" path="C:\Pedro\projetos\particulares\caju-front-teste-1\src\pages\Dashboard\styles.tsx">
        <metrics statements="2" coveredstatements="2" conditionals="0" coveredconditionals="0" methods="0" coveredmethods="0"/>
        <line num="1" count="1" type="stmt"/>
        <line num="3" count="1" type="stmt"/>
      </file>
    </package>
    <package name="pages.Dashboard.components.Columns">
      <metrics statements="19" coveredstatements="17" conditionals="0" coveredconditionals="0" methods="6" coveredmethods="4"/>
      <file name="index.tsx" path="C:\Pedro\projetos\particulares\caju-front-teste-1\src\pages\Dashboard\components\Columns\index.tsx">
        <metrics statements="11" coveredstatements="9" conditionals="0" coveredconditionals="0" methods="4" coveredmethods="2"/>
        <line num="1" count="1" type="stmt"/>
        <line num="2" count="1" type="stmt"/>
        <line num="3" count="1" type="stmt"/>
        <line num="5" count="1" type="stmt"/>
        <line num="11" count="1" type="stmt"/>
        <line num="12" count="1" type="stmt"/>
        <line num="13" count="1" type="stmt"/>
        <line num="16" count="3" type="stmt"/>
        <line num="24" count="0" type="stmt"/>
        <line num="26" count="0" type="stmt"/>
        <line num="43" count="1" type="stmt"/>
      </file>
      <file name="styles.tsx" path="C:\Pedro\projetos\particulares\caju-front-teste-1\src\pages\Dashboard\components\Columns\styles.tsx">
        <metrics statements="8" coveredstatements="8" conditionals="0" coveredconditionals="0" methods="2" coveredmethods="2"/>
        <line num="1" count="1" type="stmt"/>
        <line num="4" count="1" type="stmt"/>
        <line num="19" count="1" type="stmt"/>
        <line num="27" count="1" type="stmt"/>
        <line num="30" count="3" type="stmt"/>
        <line num="36" count="1" type="stmt"/>
        <line num="38" count="3" type="stmt"/>
        <line num="42" count="1" type="stmt"/>
      </file>
    </package>
    <package name="pages.Dashboard.components.Error">
      <metrics statements="8" coveredstatements="7" conditionals="0" coveredconditionals="0" methods="1" coveredmethods="0"/>
      <file name="index.tsx" path="C:\Pedro\projetos\particulares\caju-front-teste-1\src\pages\Dashboard\components\Error\index.tsx">
        <metrics statements="5" coveredstatements="4" conditionals="0" coveredconditionals="0" methods="1" coveredmethods="0"/>
        <line num="1" count="1" type="stmt"/>
        <line num="3" count="1" type="stmt"/>
        <line num="9" count="1" type="stmt"/>
        <line num="10" count="0" type="stmt"/>
        <line num="21" count="1" type="stmt"/>
      </file>
      <file name="styles.tsx" path="C:\Pedro\projetos\particulares\caju-front-teste-1\src\pages\Dashboard\components\Error\styles.tsx">
        <metrics statements="3" coveredstatements="3" conditionals="0" coveredconditionals="0" methods="0" coveredmethods="0"/>
        <line num="1" count="1" type="stmt"/>
        <line num="3" count="1" type="stmt"/>
        <line num="10" count="1" type="stmt"/>
      </file>
    </package>
    <package name="pages.Dashboard.components.Loading">
      <metrics statements="7" coveredstatements="7" conditionals="0" coveredconditionals="0" methods="1" coveredmethods="1"/>
      <file name="index.tsx" path="C:\Pedro\projetos\particulares\caju-front-teste-1\src\pages\Dashboard\components\Loading\index.tsx">
        <metrics statements="4" coveredstatements="4" conditionals="0" coveredconditionals="0" methods="1" coveredmethods="1"/>
        <line num="1" count="1" type="stmt"/>
        <line num="3" count="1" type="stmt"/>
        <line num="4" count="1" type="stmt"/>
        <line num="13" count="1" type="stmt"/>
      </file>
      <file name="styles.tsx" path="C:\Pedro\projetos\particulares\caju-front-teste-1\src\pages\Dashboard\components\Loading\styles.tsx">
        <metrics statements="3" coveredstatements="3" conditionals="0" coveredconditionals="0" methods="0" coveredmethods="0"/>
        <line num="1" count="1" type="stmt"/>
        <line num="3" count="1" type="stmt"/>
        <line num="10" count="1" type="stmt"/>
      </file>
    </package>
    <package name="pages.Dashboard.components.RegistrationCard">
      <metrics statements="14" coveredstatements="14" conditionals="6" coveredconditionals="6" methods="5" coveredmethods="5"/>
      <file name="index.tsx" path="C:\Pedro\projetos\particulares\caju-front-teste-1\src\pages\Dashboard\components\RegistrationCard\index.tsx">
        <metrics statements="10" coveredstatements="10" conditionals="6" coveredconditionals="6" methods="5" coveredmethods="5"/>
        <line num="1" count="2" type="stmt"/>
        <line num="8" count="2" type="stmt"/>
        <line num="11" count="2" type="stmt"/>
        <line num="19" count="2" type="stmt"/>
        <line num="20" count="5" type="stmt"/>
        <line num="41" count="1" type="stmt"/>
        <line num="53" count="1" type="stmt"/>
        <line num="64" count="1" type="stmt"/>
        <line num="73" count="1" type="stmt"/>
        <line num="81" count="2" type="stmt"/>
      </file>
      <file name="styles.tsx" path="C:\Pedro\projetos\particulares\caju-front-teste-1\src\pages\Dashboard\components\RegistrationCard\styles.tsx">
        <metrics statements="4" coveredstatements="4" conditionals="0" coveredconditionals="0" methods="0" coveredmethods="0"/>
        <line num="1" count="2" type="stmt"/>
        <line num="3" count="2" type="stmt"/>
        <line num="19" count="2" type="stmt"/>
        <line num="25" count="2" type="stmt"/>
      </file>
    </package>
    <package name="pages.Dashboard.components.Searchbar">
      <metrics statements="21" coveredstatements="21" conditionals="0" coveredconditionals="0" methods="5" coveredmethods="5"/>
      <file name="index.tsx" path="C:\Pedro\projetos\particulares\caju-front-teste-1\src\pages\Dashboard\components\Searchbar\index.tsx">
        <metrics statements="18" coveredstatements="18" conditionals="0" coveredconditionals="0" methods="5" coveredmethods="5"/>
        <line num="1" count="2" type="stmt"/>
        <line num="2" count="2" type="stmt"/>
        <line num="4" count="2" type="stmt"/>
        <line num="5" count="2" type="stmt"/>
        <line num="6" count="2" type="stmt"/>
        <line num="7" count="2" type="stmt"/>
        <line num="8" count="2" type="stmt"/>
        <line num="10" count="2" type="stmt"/>
        <line num="11" count="2" type="stmt"/>
        <line num="13" count="2" type="stmt"/>
        <line num="14" count="4" type="stmt"/>
        <line num="15" count="4" type="stmt"/>
        <line num="17" count="4" type="stmt"/>
        <line num="18" count="1" type="stmt"/>
        <line num="21" count="4" type="stmt"/>
        <line num="29" count="1" type="stmt"/>
        <line num="34" count="1" type="stmt"/>
        <line num="36" count="1" type="stmt"/>
      </file>
      <file name="styles.tsx" path="C:\Pedro\projetos\particulares\caju-front-teste-1\src\pages\Dashboard\components\Searchbar\styles.tsx">
        <metrics statements="3" coveredstatements="3" conditionals="0" coveredconditionals="0" methods="0" coveredmethods="0"/>
        <line num="1" count="2" type="stmt"/>
        <line num="3" count="2" type="stmt"/>
        <line num="10" count="2" type="stmt"/>
      </file>
    </package>
    <package name="pages.NewUser">
      <metrics statements="61" coveredstatements="60" conditionals="16" coveredconditionals="15" methods="12" coveredmethods="12"/>
      <file name="index.tsx" path="C:\Pedro\projetos\particulares\caju-front-teste-1\src\pages\NewUser\index.tsx">
        <metrics statements="56" coveredstatements="55" conditionals="16" coveredconditionals="15" methods="12" coveredmethods="12"/>
        <line num="1" count="1" type="stmt"/>
        <line num="2" count="1" type="stmt"/>
        <line num="3" count="1" type="stmt"/>
        <line num="5" count="1" type="stmt"/>
        <line num="6" count="1" type="stmt"/>
        <line num="7" count="1" type="stmt"/>
        <line num="8" count="1" type="stmt"/>
        <line num="10" count="1" type="stmt"/>
        <line num="12" count="1" type="stmt"/>
        <line num="14" count="1" type="stmt"/>
        <line num="16" count="1" type="stmt"/>
        <line num="17" count="24" type="stmt"/>
        <line num="18" count="24" type="stmt"/>
        <line num="19" count="24" type="stmt"/>
        <line num="21" count="24" type="stmt"/>
        <line num="28" count="24" type="stmt"/>
        <line num="29" count="3" type="stmt"/>
        <line num="32" count="24" type="stmt"/>
        <line num="33" count="8" type="stmt"/>
        <line num="36" count="24" type="stmt"/>
        <line num="37" count="2" type="stmt"/>
        <line num="38" count="2" type="stmt"/>
        <line num="41" count="24" type="stmt"/>
        <line num="42" count="108" type="cond" truecount="1" falsecount="0"/>
        <line num="43" count="36" type="cond" truecount="1" falsecount="0"/>
        <line num="44" count="12" type="stmt"/>
        <line num="47" count="24" type="cond" truecount="1" falsecount="0"/>
        <line num="48" count="6" type="stmt"/>
        <line num="51" count="18" type="stmt"/>
        <line num="52" count="18" type="cond" truecount="1" falsecount="0"/>
        <line num="53" count="3" type="stmt"/>
        <line num="56" count="15" type="cond" truecount="1" falsecount="0"/>
        <line num="62" count="3" type="stmt"/>
        <line num="66" count="84" type="cond" truecount="1" falsecount="0"/>
        <line num="67" count="36" type="cond" truecount="1" falsecount="0"/>
        <line num="68" count="21" type="stmt"/>
        <line num="70" count="15" type="stmt"/>
        <line num="71" count="15" type="cond" truecount="1" falsecount="0"/>
        <line num="72" count="6" type="stmt"/>
        <line num="76" count="57" type="cond" truecount="1" falsecount="0"/>
        <line num="77" count="36" type="cond" truecount="1" falsecount="0"/>
        <line num="78" count="30" type="stmt"/>
        <line num="80" count="6" type="cond" truecount="0" falsecount="1"/>
        <line num="81" count="0" type="stmt"/>
        <line num="86" count="24" type="stmt"/>
        <line num="87" count="12" type="stmt"/>
        <line num="88" count="12" type="stmt"/>
        <line num="89" count="12" type="stmt"/>
        <line num="91" count="12" type="cond" truecount="3" falsecount="0"/>
        <line num="94" count="24" type="stmt"/>
        <line num="100" count="1" type="stmt"/>
        <line num="112" count="4" type="stmt"/>
        <line num="122" count="2" type="stmt"/>
        <line num="132" count="1" type="stmt"/>
        <line num="143" count="1" type="stmt"/>
        <line num="155" count="1" type="stmt"/>
      </file>
      <file name="styles.ts" path="C:\Pedro\projetos\particulares\caju-front-teste-1\src\pages\NewUser\styles.ts">
        <metrics statements="5" coveredstatements="5" conditionals="0" coveredconditionals="0" methods="0" coveredmethods="0"/>
        <line num="1" count="1" type="stmt"/>
        <line num="2" count="1" type="stmt"/>
        <line num="3" count="1" type="stmt"/>
        <line num="6" count="1" type="stmt"/>
        <line num="14" count="1" type="stmt"/>
      </file>
    </package>
    <package name="router">
      <metrics statements="2" coveredstatements="2" conditionals="0" coveredconditionals="0" methods="0" coveredmethods="0"/>
      <file name="routes.ts" path="C:\Pedro\projetos\particulares\caju-front-teste-1\src\router\routes.ts">
        <metrics statements="2" coveredstatements="2" conditionals="0" coveredconditionals="0" methods="0" coveredmethods="0"/>
        <line num="1" count="3" type="stmt"/>
        <line num="8" count="3" type="stmt"/>
      </file>
    </package>
    <package name="utils">
      <metrics statements="21" coveredstatements="20" conditionals="10" coveredconditionals="6" methods="3" coveredmethods="3"/>
      <file name="formats.tsx" path="C:\Pedro\projetos\particulares\caju-front-teste-1\src\utils\formats.tsx">
        <metrics statements="21" coveredstatements="20" conditionals="10" coveredconditionals="6" methods="3" coveredmethods="3"/>
        <line num="1" count="6" type="stmt"/>
        <line num="2" count="2" type="stmt"/>
        <line num="10" count="6" type="stmt"/>
        <line num="12" count="6" type="stmt"/>
        <line num="13" count="10" type="stmt"/>
        <line num="16" count="10" type="stmt"/>
        <line num="18" count="10" type="cond" truecount="1" falsecount="0"/>
        <line num="20" count="7" type="cond" truecount="0" falsecount="1"/>
        <line num="34" count="0" type="stmt"/>
        <line num="36" count="7" type="stmt"/>
        <line num="37" count="63" type="stmt"/>
        <line num="39" count="7" type="stmt"/>
        <line num="41" count="7" type="cond" truecount="3" falsecount="0"/>
        <line num="43" count="7" type="cond" truecount="0" falsecount="1"/>
        <line num="45" count="7" type="stmt"/>
        <line num="47" count="7" type="stmt"/>
        <line num="48" count="70" type="stmt"/>
        <line num="50" count="7" type="stmt"/>
        <line num="52" count="7" type="cond" truecount="2" falsecount="1"/>
        <line num="54" count="7" type="cond" truecount="0" falsecount="1"/>
        <line num="56" count="7" type="stmt"/>
      </file>
    </package>
  </project>
</coverage>
