{"/Users/user/Documents/projetos/caju-pedro/src/Context/index.tsx": {"path":"/Users/user/Documents/projetos/caju-pedro/src/Context/index.tsx","statementMap":{"0":{"start":{"line":1,"column":0},"end":{"line":1,"column":28}}},"fnMap":{},"branchMap":{},"s":{"0":5},"f":{},"b":{}}
,"/Users/user/Documents/projetos/caju-pedro/src/Context/Cadastros/index.tsx": {"path":"/Users/user/Documents/projetos/caju-pedro/src/Context/Cadastros/index.tsx","statementMap":{"0":{"start":{"line":1,"column":0},"end":{"line":1,"column":37}}},"fnMap":{},"branchMap":{},"s":{"0":5},"f":{},"b":{}}
,"/Users/user/Documents/projetos/caju-pedro/src/Context/Cadastros/useCadastroContext.tsx": {"path":"/Users/user/Documents/projetos/caju-pedro/src/Context/Cadastros/useCadastroContext.tsx","statementMap":{"0":{"start":{"line":1,"column":0},"end":{"line":1,"column":71}},"1":{"start":{"line":2,"column":0},"end":{"line":2,"column":58}},"2":{"start":{"line":3,"column":0},"end":{"line":3,"column":66}},"3":{"start":{"line":33,"column":13},"end":{"line":33,"column":72}},"4":{"start":{"line":35,"column":32},"end":{"line":117,"column":1}},"5":{"start":{"line":36,"column":30},"end":{"line":36,"column":50}},"6":{"start":{"line":37,"column":44},"end":{"line":39,"column":4}},"7":{"start":{"line":41,"column":38},"end":{"line":43,"column":4}},"8":{"start":{"line":44,"column":28},"end":{"line":44,"column":48}},"9":{"start":{"line":46,"column":27},"end":{"line":48,"column":3}},"10":{"start":{"line":47,"column":4},"end":{"line":47,"column":55}},"11":{"start":{"line":47,"column":28},"end":{"line":47,"column":52}},"12":{"start":{"line":57,"column":6},"end":{"line":57,"column":55}},"13":{"start":{"line":59,"column":19},"end":{"line":61,"column":3}},"14":{"start":{"line":60,"column":4},"end":{"line":60,"column":23}},"15":{"start":{"line":63,"column":29},"end":{"line":65,"column":3}},"16":{"start":{"line":64,"column":4},"end":{"line":64,"column":38}},"17":{"start":{"line":67,"column":23},"end":{"line":75,"column":3}},"18":{"start":{"line":68,"column":4},"end":{"line":74,"column":7}},"19":{"start":{"line":69,"column":6},"end":{"line":73,"column":7}},"20":{"start":{"line":70,"column":8},"end":{"line":70,"column":54}},"21":{"start":{"line":72,"column":8},"end":{"line":72,"column":19}},"22":{"start":{"line":77,"column":22},"end":{"line":79,"column":3}},"23":{"start":{"line":78,"column":4},"end":{"line":78,"column":67}},"24":{"start":{"line":78,"column":31},"end":{"line":78,"column":64}},"25":{"start":{"line":81,"column":2},"end":{"line":85,"column":15}},"26":{"start":{"line":82,"column":4},"end":{"line":84,"column":5}},"27":{"start":{"line":83,"column":6},"end":{"line":83,"column":44}},"28":{"start":{"line":87,"column":32},"end":{"line":93,"column":3}},"29":{"start":{"line":88,"column":23},"end":{"line":91,"column":6}},"30":{"start":{"line":92,"column":4},"end":{"line":92,"column":32}},"31":{"start":{"line":95,"column":45},"end":{"line":110,"column":4}},"32":{"start":{"line":112,"column":2},"end":{"line":116,"column":4}},"33":{"start":{"line":35,"column":13},"end":{"line":35,"column":32}},"34":{"start":{"line":119,"column":34},"end":{"line":119,"column":67}},"35":{"start":{"line":119,"column":40},"end":{"line":119,"column":67}},"36":{"start":{"line":119,"column":13},"end":{"line":119,"column":34}}},"fnMap":{"0":{"name":"(anonymous_0)","decl":{"start":{"line":35,"column":32},"end":{"line":35,"column":33}},"loc":{"start":{"line":35,"column":72},"end":{"line":117,"column":1}}},"1":{"name":"(anonymous_1)","decl":{"start":{"line":46,"column":27},"end":{"line":46,"column":28}},"loc":{"start":{"line":46,"column":44},"end":{"line":48,"column":3}}},"2":{"name":"(anonymous_2)","decl":{"start":{"line":47,"column":18},"end":{"line":47,"column":19}},"loc":{"start":{"line":47,"column":28},"end":{"line":47,"column":52}}},"3":{"name":"(anonymous_3)","decl":{"start":{"line":59,"column":19},"end":{"line":59,"column":20}},"loc":{"start":{"line":59,"column":39},"end":{"line":61,"column":3}}},"4":{"name":"(anonymous_4)","decl":{"start":{"line":63,"column":29},"end":{"line":63,"column":30}},"loc":{"start":{"line":63,"column":72},"end":{"line":65,"column":3}}},"5":{"name":"(anonymous_5)","decl":{"start":{"line":67,"column":23},"end":{"line":67,"column":24}},"loc":{"start":{"line":67,"column":38},"end":{"line":75,"column":3}}},"6":{"name":"(anonymous_6)","decl":{"start":{"line":68,"column":24},"end":{"line":68,"column":25}},"loc":{"start":{"line":68,"column":37},"end":{"line":74,"column":5}}},"7":{"name":"(anonymous_7)","decl":{"start":{"line":77,"column":22},"end":{"line":77,"column":23}},"loc":{"start":{"line":77,"column":54},"end":{"line":79,"column":3}}},"8":{"name":"(anonymous_8)","decl":{"start":{"line":78,"column":21},"end":{"line":78,"column":22}},"loc":{"start":{"line":78,"column":31},"end":{"line":78,"column":64}}},"9":{"name":"(anonymous_9)","decl":{"start":{"line":81,"column":12},"end":{"line":81,"column":15}},"loc":{"start":{"line":81,"column":17},"end":{"line":85,"column":3}}},"10":{"name":"(anonymous_10)","decl":{"start":{"line":87,"column":32},"end":{"line":87,"column":33}},"loc":{"start":{"line":87,"column":57},"end":{"line":93,"column":3}}},"11":{"name":"(anonymous_11)","decl":{"start":{"line":119,"column":34},"end":{"line":119,"column":37}},"loc":{"start":{"line":119,"column":40},"end":{"line":119,"column":67}}}},"branchMap":{"0":{"loc":{"start":{"line":69,"column":6},"end":{"line":73,"column":7}},"type":"if","locations":[{"start":{"line":69,"column":6},"end":{"line":73,"column":7}}]},"1":{"loc":{"start":{"line":82,"column":4},"end":{"line":84,"column":5}},"type":"if","locations":[{"start":{"line":82,"column":4},"end":{"line":84,"column":5}}]},"2":{"loc":{"start":{"line":82,"column":8},"end":{"line":82,"column":37}},"type":"binary-expr","locations":[{"start":{"line":82,"column":8},"end":{"line":82,"column":26}},{"start":{"line":82,"column":30},"end":{"line":82,"column":37}}]}},"s":{"0":6,"1":6,"2":6,"3":6,"4":6,"5":10,"6":10,"7":10,"8":10,"9":10,"10":0,"11":0,"12":10,"13":10,"14":4,"15":10,"16":1,"17":10,"18":0,"19":0,"20":0,"21":0,"22":10,"23":1,"24":1,"25":10,"26":4,"27":4,"28":10,"29":0,"30":0,"31":10,"32":10,"33":6,"34":6,"35":9,"36":6},"f":{"0":10,"1":0,"2":0,"3":4,"4":1,"5":0,"6":0,"7":1,"8":1,"9":4,"10":0,"11":9},"b":{"0":[0],"1":[4],"2":[4,3]}}
,"/Users/user/Documents/projetos/caju-pedro/src/components/Buttons/IconButton.tsx": {"path":"/Users/user/Documents/projetos/caju-pedro/src/components/Buttons/IconButton.tsx","statementMap":{"0":{"start":{"line":1,"column":0},"end":{"line":1,"column":39}},"1":{"start":{"line":3,"column":13},"end":{"line":16,"column":2}},"2":{"start":{"line":22,"column":26},"end":{"line":28,"column":1}},"3":{"start":{"line":23,"column":2},"end":{"line":27,"column":4}},"4":{"start":{"line":22,"column":13},"end":{"line":22,"column":26}}},"fnMap":{"0":{"name":"(anonymous_0)","decl":{"start":{"line":22,"column":26},"end":{"line":22,"column":27}},"loc":{"start":{"line":22,"column":53},"end":{"line":28,"column":1}}}},"branchMap":{},"s":{"0":3,"1":3,"2":3,"3":21,"4":3},"f":{"0":21},"b":{}}
,"/Users/user/Documents/projetos/caju-pedro/src/components/Buttons/index.tsx": {"path":"/Users/user/Documents/projetos/caju-pedro/src/components/Buttons/index.tsx","statementMap":{"0":{"start":{"line":1,"column":0},"end":{"line":1,"column":39}},"1":{"start":{"line":3,"column":15},"end":{"line":17,"column":2}},"2":{"start":{"line":10,"column":33},"end":{"line":10,"column":59}},"3":{"start":{"line":19,"column":13},"end":{"line":31,"column":2}},"4":{"start":{"line":28,"column":33},"end":{"line":28,"column":56}},"5":{"start":{"line":29,"column":22},"end":{"line":29,"column":43}},"6":{"start":{"line":33,"column":0},"end":{"line":33,"column":22}}},"fnMap":{"0":{"name":"(anonymous_0)","decl":{"start":{"line":10,"column":22},"end":{"line":10,"column":23}},"loc":{"start":{"line":10,"column":33},"end":{"line":10,"column":59}}},"1":{"name":"(anonymous_1)","decl":{"start":{"line":28,"column":22},"end":{"line":28,"column":23}},"loc":{"start":{"line":28,"column":33},"end":{"line":28,"column":56}}},"2":{"name":"(anonymous_2)","decl":{"start":{"line":29,"column":11},"end":{"line":29,"column":12}},"loc":{"start":{"line":29,"column":22},"end":{"line":29,"column":43}}}},"branchMap":{"0":{"loc":{"start":{"line":10,"column":33},"end":{"line":10,"column":59}},"type":"binary-expr","locations":[{"start":{"line":10,"column":33},"end":{"line":10,"column":46}},{"start":{"line":10,"column":50},"end":{"line":10,"column":59}}]},"1":{"loc":{"start":{"line":28,"column":33},"end":{"line":28,"column":56}},"type":"binary-expr","locations":[{"start":{"line":28,"column":33},"end":{"line":28,"column":46}},{"start":{"line":28,"column":50},"end":{"line":28,"column":56}}]},"2":{"loc":{"start":{"line":29,"column":22},"end":{"line":29,"column":43}},"type":"binary-expr","locations":[{"start":{"line":29,"column":22},"end":{"line":29,"column":33}},{"start":{"line":29,"column":37},"end":{"line":29,"column":43}}]}},"s":{"0":7,"1":7,"2":34,"3":7,"4":9,"5":9,"6":7},"f":{"0":34,"1":9,"2":9},"b":{"0":[34,29],"1":[9,0],"2":[9,9]}}
,"/Users/user/Documents/projetos/caju-pedro/src/components/ModalConfirmacao/index.tsx": {"path":"/Users/user/Documents/projetos/caju-pedro/src/components/ModalConfirmacao/index.tsx","statementMap":{"0":{"start":{"line":1,"column":0},"end":{"line":1,"column":47}},"1":{"start":{"line":3,"column":0},"end":{"line":3,"column":30}},"2":{"start":{"line":4,"column":0},"end":{"line":4,"column":32}},"3":{"start":{"line":6,"column":26},"end":{"line":59,"column":1}},"4":{"start":{"line":8,"column":4},"end":{"line":8,"column":24}},"5":{"start":{"line":10,"column":24},"end":{"line":15,"column":3}},"6":{"start":{"line":11,"column":4},"end":{"line":12,"column":67}},"7":{"start":{"line":12,"column":6},"end":{"line":12,"column":67}},"8":{"start":{"line":14,"column":4},"end":{"line":14,"column":18}},"9":{"start":{"line":17,"column":23},"end":{"line":27,"column":3}},"10":{"start":{"line":18,"column":4},"end":{"line":20,"column":5}},"11":{"start":{"line":19,"column":6},"end":{"line":19,"column":23}},"12":{"start":{"line":22,"column":4},"end":{"line":24,"column":5}},"13":{"start":{"line":23,"column":6},"end":{"line":23,"column":24}},"14":{"start":{"line":26,"column":4},"end":{"line":26,"column":23}},"15":{"start":{"line":29,"column":2},"end":{"line":58,"column":4}},"16":{"start":{"line":43,"column":31},"end":{"line":43,"column":44}},"17":{"start":{"line":49,"column":31},"end":{"line":49,"column":46}},"18":{"start":{"line":61,"column":0},"end":{"line":61,"column":33}}},"fnMap":{"0":{"name":"(anonymous_0)","decl":{"start":{"line":6,"column":26},"end":{"line":6,"column":29}},"loc":{"start":{"line":6,"column":31},"end":{"line":59,"column":1}}},"1":{"name":"(anonymous_1)","decl":{"start":{"line":10,"column":24},"end":{"line":10,"column":27}},"loc":{"start":{"line":10,"column":29},"end":{"line":15,"column":3}}},"2":{"name":"(anonymous_2)","decl":{"start":{"line":17,"column":23},"end":{"line":17,"column":26}},"loc":{"start":{"line":17,"column":28},"end":{"line":27,"column":3}}},"3":{"name":"(anonymous_3)","decl":{"start":{"line":43,"column":25},"end":{"line":43,"column":28}},"loc":{"start":{"line":43,"column":31},"end":{"line":43,"column":44}}},"4":{"name":"(anonymous_4)","decl":{"start":{"line":49,"column":25},"end":{"line":49,"column":28}},"loc":{"start":{"line":49,"column":31},"end":{"line":49,"column":46}}}},"branchMap":{"0":{"loc":{"start":{"line":11,"column":4},"end":{"line":12,"column":67}},"type":"if","locations":[{"start":{"line":11,"column":4},"end":{"line":12,"column":67}}]},"1":{"loc":{"start":{"line":11,"column":8},"end":{"line":11,"column":54}},"type":"binary-expr","locations":[{"start":{"line":11,"column":8},"end":{"line":11,"column":28}},{"start":{"line":11,"column":32},"end":{"line":11,"column":54}}]},"2":{"loc":{"start":{"line":18,"column":4},"end":{"line":20,"column":5}},"type":"if","locations":[{"start":{"line":18,"column":4},"end":{"line":20,"column":5}}]},"3":{"loc":{"start":{"line":22,"column":4},"end":{"line":24,"column":5}},"type":"if","locations":[{"start":{"line":22,"column":4},"end":{"line":24,"column":5}}]},"4":{"loc":{"start":{"line":31,"column":7},"end":{"line":55,"column":null}},"type":"binary-expr","locations":[{"start":{"line":31,"column":7},"end":{"line":31,"column":26}},{"start":{"line":32,"column":8},"end":{"line":54,"column":null}}]}},"s":{"0":2,"1":2,"2":2,"3":2,"4":6,"5":6,"6":1,"7":1,"8":1,"9":6,"10":5,"11":1,"12":4,"13":1,"14":3,"15":6,"16":1,"17":1,"18":2},"f":{"0":6,"1":1,"2":5,"3":1,"4":1},"b":{"0":[1],"1":[1,1],"2":[1],"3":[1],"4":[6,5]}}
,"/Users/user/Documents/projetos/caju-pedro/src/components/ModalConfirmacao/styles.tsx": {"path":"/Users/user/Documents/projetos/caju-pedro/src/components/ModalConfirmacao/styles.tsx","statementMap":{"0":{"start":{"line":1,"column":0},"end":{"line":1,"column":39}},"1":{"start":{"line":3,"column":13},"end":{"line":11,"column":2}},"2":{"start":{"line":13,"column":13},"end":{"line":23,"column":2}},"3":{"start":{"line":25,"column":13},"end":{"line":30,"column":2}},"4":{"start":{"line":32,"column":13},"end":{"line":37,"column":2}}},"fnMap":{},"branchMap":{},"s":{"0":2,"1":2,"2":2,"3":2,"4":2},"f":{},"b":{}}
,"/Users/user/Documents/projetos/caju-pedro/src/components/ModalMessage/index.tsx": {"path":"/Users/user/Documents/projetos/caju-pedro/src/components/ModalMessage/index.tsx","statementMap":{"0":{"start":{"line":1,"column":0},"end":{"line":1,"column":47}},"1":{"start":{"line":3,"column":0},"end":{"line":3,"column":30}},"2":{"start":{"line":4,"column":0},"end":{"line":4,"column":32}},"3":{"start":{"line":6,"column":21},"end":{"line":31,"column":1}},"4":{"start":{"line":7,"column":43},"end":{"line":7,"column":63}},"5":{"start":{"line":9,"column":2},"end":{"line":30,"column":4}},"6":{"start":{"line":21,"column":31},"end":{"line":21,"column":49}},"7":{"start":{"line":33,"column":0},"end":{"line":33,"column":28}}},"fnMap":{"0":{"name":"(anonymous_0)","decl":{"start":{"line":6,"column":21},"end":{"line":6,"column":24}},"loc":{"start":{"line":6,"column":26},"end":{"line":31,"column":1}}},"1":{"name":"(anonymous_1)","decl":{"start":{"line":21,"column":25},"end":{"line":21,"column":28}},"loc":{"start":{"line":21,"column":31},"end":{"line":21,"column":49}}}},"branchMap":{"0":{"loc":{"start":{"line":11,"column":7},"end":{"line":27,"column":null}},"type":"binary-expr","locations":[{"start":{"line":11,"column":7},"end":{"line":11,"column":23}},{"start":{"line":12,"column":8},"end":{"line":26,"column":null}}]}},"s":{"0":2,"1":2,"2":2,"3":2,"4":3,"5":3,"6":1,"7":2},"f":{"0":3,"1":1},"b":{"0":[3,2]}}
,"/Users/user/Documents/projetos/caju-pedro/src/components/ModalMessage/styles.tsx": {"path":"/Users/user/Documents/projetos/caju-pedro/src/components/ModalMessage/styles.tsx","statementMap":{"0":{"start":{"line":1,"column":0},"end":{"line":1,"column":39}},"1":{"start":{"line":3,"column":13},"end":{"line":11,"column":2}},"2":{"start":{"line":13,"column":13},"end":{"line":23,"column":2}},"3":{"start":{"line":25,"column":13},"end":{"line":32,"column":2}},"4":{"start":{"line":34,"column":13},"end":{"line":39,"column":2}}},"fnMap":{},"branchMap":{},"s":{"0":2,"1":2,"2":2,"3":2,"4":2},"f":{},"b":{}}
,"/Users/user/Documents/projetos/caju-pedro/src/components/TextField/index.tsx": {"path":"/Users/user/Documents/projetos/caju-pedro/src/components/TextField/index.tsx","statementMap":{"0":{"start":{"line":2,"column":0},"end":{"line":2,"column":39}},"1":{"start":{"line":4,"column":13},"end":{"line":22,"column":2}},"2":{"start":{"line":24,"column":13},"end":{"line":27,"column":2}},"3":{"start":{"line":34,"column":18},"end":{"line":42,"column":1}},"4":{"start":{"line":35,"column":2},"end":{"line":41,"column":4}},"5":{"start":{"line":44,"column":0},"end":{"line":44,"column":25}}},"fnMap":{"0":{"name":"(anonymous_0)","decl":{"start":{"line":34,"column":18},"end":{"line":34,"column":19}},"loc":{"start":{"line":34,"column":35},"end":{"line":42,"column":1}}}},"branchMap":{},"s":{"0":3,"1":3,"2":3,"3":3,"4":72,"5":3},"f":{"0":72},"b":{}}
,"/Users/user/Documents/projetos/caju-pedro/src/hooks/useDadosDashboard/index.tsx": {"path":"/Users/user/Documents/projetos/caju-pedro/src/hooks/useDadosDashboard/index.tsx","statementMap":{"0":{"start":{"line":1,"column":0},"end":{"line":1,"column":9}},"1":{"start":{"line":1,"column":9},"end":{"line":1,"column":46}}},"fnMap":{"0":{"name":"(anonymous_0)","decl":{"start":{"line":1,"column":9},"end":{"line":1,"column":16}},"loc":{"start":{"line":1,"column":9},"end":{"line":1,"column":46}}}},"branchMap":{},"s":{"0":6,"1":16},"f":{"0":10},"b":{}}
,"/Users/user/Documents/projetos/caju-pedro/src/hooks/useDadosDashboard/useDadosDashboard.tsx": {"path":"/Users/user/Documents/projetos/caju-pedro/src/hooks/useDadosDashboard/useDadosDashboard.tsx","statementMap":{"0":{"start":{"line":1,"column":0},"end":{"line":1,"column":26}},"1":{"start":{"line":2,"column":0},"end":{"line":2,"column":33}},"2":{"start":{"line":5,"column":22},"end":{"line":5,"column":59}},"3":{"start":{"line":12,"column":26},"end":{"line":106,"column":1}},"4":{"start":{"line":13,"column":44},"end":{"line":13,"column":76}},"5":{"start":{"line":14,"column":32},"end":{"line":14,"column":47}},"6":{"start":{"line":16,"column":21},"end":{"line":37,"column":3}},"7":{"start":{"line":17,"column":23},"end":{"line":17,"column":25}},"8":{"start":{"line":18,"column":4},"end":{"line":20,"column":5}},"9":{"start":{"line":19,"column":6},"end":{"line":19,"column":61}},"10":{"start":{"line":22,"column":4},"end":{"line":22,"column":21}},"11":{"start":{"line":24,"column":4},"end":{"line":36,"column":9}},"12":{"start":{"line":28,"column":8},"end":{"line":28,"column":24}},"13":{"start":{"line":31,"column":8},"end":{"line":31,"column":31}},"14":{"start":{"line":32,"column":8},"end":{"line":32,"column":26}},"15":{"start":{"line":35,"column":8},"end":{"line":35,"column":30}},"16":{"start":{"line":39,"column":22},"end":{"line":60,"column":3}},"17":{"start":{"line":44,"column":4},"end":{"line":59,"column":9}},"18":{"start":{"line":52,"column":8},"end":{"line":55,"column":9}},"19":{"start":{"line":53,"column":10},"end":{"line":53,"column":73}},"20":{"start":{"line":54,"column":10},"end":{"line":54,"column":29}},"21":{"start":{"line":58,"column":8},"end":{"line":58,"column":30}},"22":{"start":{"line":62,"column":21},"end":{"line":79,"column":3}},"23":{"start":{"line":63,"column":4},"end":{"line":78,"column":9}},"24":{"start":{"line":70,"column":8},"end":{"line":74,"column":9}},"25":{"start":{"line":71,"column":10},"end":{"line":71,"column":56}},"26":{"start":{"line":73,"column":10},"end":{"line":73,"column":23}},"27":{"start":{"line":77,"column":8},"end":{"line":77,"column":30}},"28":{"start":{"line":81,"column":26},"end":{"line":96,"column":3}},"29":{"start":{"line":82,"column":4},"end":{"line":95,"column":7}},"30":{"start":{"line":92,"column":6},"end":{"line":94,"column":7}},"31":{"start":{"line":93,"column":8},"end":{"line":93,"column":52}},"32":{"start":{"line":98,"column":2},"end":{"line":105,"column":4}},"33":{"start":{"line":108,"column":0},"end":{"line":108,"column":33}}},"fnMap":{"0":{"name":"(anonymous_0)","decl":{"start":{"line":12,"column":26},"end":{"line":12,"column":27}},"loc":{"start":{"line":12,"column":72},"end":{"line":106,"column":1}}},"1":{"name":"(anonymous_1)","decl":{"start":{"line":16,"column":21},"end":{"line":16,"column":22}},"loc":{"start":{"line":16,"column":41},"end":{"line":37,"column":3}}},"2":{"name":"(anonymous_2)","decl":{"start":{"line":27,"column":12},"end":{"line":27,"column":13}},"loc":{"start":{"line":27,"column":20},"end":{"line":29,"column":7}}},"3":{"name":"(anonymous_3)","decl":{"start":{"line":30,"column":12},"end":{"line":30,"column":13}},"loc":{"start":{"line":30,"column":21},"end":{"line":33,"column":7}}},"4":{"name":"(anonymous_4)","decl":{"start":{"line":34,"column":13},"end":{"line":34,"column":14}},"loc":{"start":{"line":34,"column":21},"end":{"line":36,"column":7}}},"5":{"name":"(anonymous_5)","decl":{"start":{"line":39,"column":22},"end":{"line":39,"column":null}},"loc":{"start":{"line":43,"column":6},"end":{"line":60,"column":3}}},"6":{"name":"(anonymous_6)","decl":{"start":{"line":51,"column":12},"end":{"line":51,"column":13}},"loc":{"start":{"line":51,"column":20},"end":{"line":56,"column":7}}},"7":{"name":"(anonymous_7)","decl":{"start":{"line":57,"column":13},"end":{"line":57,"column":14}},"loc":{"start":{"line":57,"column":21},"end":{"line":59,"column":7}}},"8":{"name":"(anonymous_8)","decl":{"start":{"line":62,"column":21},"end":{"line":62,"column":26}},"loc":{"start":{"line":62,"column":42},"end":{"line":79,"column":3}}},"9":{"name":"(anonymous_9)","decl":{"start":{"line":69,"column":12},"end":{"line":69,"column":13}},"loc":{"start":{"line":69,"column":20},"end":{"line":75,"column":7}}},"10":{"name":"(anonymous_10)","decl":{"start":{"line":76,"column":13},"end":{"line":76,"column":14}},"loc":{"start":{"line":76,"column":21},"end":{"line":78,"column":7}}},"11":{"name":"(anonymous_11)","decl":{"start":{"line":81,"column":26},"end":{"line":81,"column":31}},"loc":{"start":{"line":81,"column":52},"end":{"line":96,"column":3}}},"12":{"name":"(anonymous_12)","decl":{"start":{"line":91,"column":12},"end":{"line":91,"column":13}},"loc":{"start":{"line":91,"column":20},"end":{"line":95,"column":5}}}},"branchMap":{"0":{"loc":{"start":{"line":18,"column":4},"end":{"line":20,"column":5}},"type":"if","locations":[{"start":{"line":18,"column":4},"end":{"line":20,"column":5}}]},"1":{"loc":{"start":{"line":52,"column":8},"end":{"line":55,"column":9}},"type":"if","locations":[{"start":{"line":52,"column":8},"end":{"line":55,"column":9}}]},"2":{"loc":{"start":{"line":70,"column":8},"end":{"line":74,"column":9}},"type":"if","locations":[{"start":{"line":70,"column":8},"end":{"line":74,"column":9}}]},"3":{"loc":{"start":{"line":92,"column":6},"end":{"line":94,"column":7}},"type":"if","locations":[{"start":{"line":92,"column":6},"end":{"line":94,"column":7}}]}},"s":{"0":6,"1":6,"2":6,"3":6,"4":10,"5":10,"6":10,"7":4,"8":4,"9":1,"10":4,"11":4,"12":4,"13":4,"14":4,"15":0,"16":10,"17":1,"18":1,"19":0,"20":0,"21":0,"22":10,"23":0,"24":0,"25":0,"26":0,"27":0,"28":10,"29":0,"30":0,"31":0,"32":10,"33":6},"f":{"0":10,"1":4,"2":4,"3":4,"4":0,"5":1,"6":1,"7":0,"8":0,"9":0,"10":0,"11":0,"12":0},"b":{"0":[1],"1":[0],"2":[0],"3":[0]}}
,"/Users/user/Documents/projetos/caju-pedro/src/pages/Dashboard/index.tsx": {"path":"/Users/user/Documents/projetos/caju-pedro/src/pages/Dashboard/index.tsx","statementMap":{"0":{"start":{"line":1,"column":0},"end":{"line":1,"column":44}},"1":{"start":{"line":2,"column":0},"end":{"line":2,"column":30}},"2":{"start":{"line":3,"column":0},"end":{"line":3,"column":51}},"3":{"start":{"line":4,"column":0},"end":{"line":4,"column":34}},"4":{"start":{"line":5,"column":0},"end":{"line":5,"column":43}},"5":{"start":{"line":6,"column":0},"end":{"line":6,"column":47}},"6":{"start":{"line":7,"column":0},"end":{"line":7,"column":62}},"7":{"start":{"line":9,"column":0},"end":{"line":9,"column":39}},"8":{"start":{"line":10,"column":0},"end":{"line":10,"column":53}},"9":{"start":{"line":12,"column":22},"end":{"line":123,"column":1}},"10":{"start":{"line":13,"column":39},"end":{"line":13,"column":59}},"11":{"start":{"line":101,"column":2},"end":{"line":103,"column":9}},"12":{"start":{"line":102,"column":4},"end":{"line":102,"column":15}},"13":{"start":{"line":105,"column":2},"end":{"line":107,"column":3}},"14":{"start":{"line":106,"column":4},"end":{"line":106,"column":38}},"15":{"start":{"line":109,"column":2},"end":{"line":111,"column":3}},"16":{"start":{"line":110,"column":4},"end":{"line":110,"column":23}},"17":{"start":{"line":113,"column":2},"end":{"line":122,"column":4}},"18":{"start":{"line":124,"column":0},"end":{"line":124,"column":29}}},"fnMap":{"0":{"name":"(anonymous_0)","decl":{"start":{"line":12,"column":22},"end":{"line":12,"column":25}},"loc":{"start":{"line":12,"column":27},"end":{"line":123,"column":1}}},"1":{"name":"(anonymous_1)","decl":{"start":{"line":101,"column":12},"end":{"line":101,"column":15}},"loc":{"start":{"line":101,"column":17},"end":{"line":103,"column":3}}}},"branchMap":{"0":{"loc":{"start":{"line":105,"column":2},"end":{"line":107,"column":3}},"type":"if","locations":[{"start":{"line":105,"column":2},"end":{"line":107,"column":3}}]},"1":{"loc":{"start":{"line":109,"column":2},"end":{"line":111,"column":3}},"type":"if","locations":[{"start":{"line":109,"column":2},"end":{"line":111,"column":3}}]}},"s":{"0":1,"1":1,"2":1,"3":1,"4":1,"5":1,"6":1,"7":1,"8":1,"9":1,"10":2,"11":2,"12":2,"13":2,"14":0,"15":2,"16":1,"17":1,"18":1},"f":{"0":2,"1":2},"b":{"0":[0],"1":[1]}}
,"/Users/user/Documents/projetos/caju-pedro/src/pages/Dashboard/styles.tsx": {"path":"/Users/user/Documents/projetos/caju-pedro/src/pages/Dashboard/styles.tsx","statementMap":{"0":{"start":{"line":1,"column":0},"end":{"line":1,"column":39}},"1":{"start":{"line":3,"column":13},"end":{"line":7,"column":2}}},"fnMap":{},"branchMap":{},"s":{"0":1,"1":1},"f":{},"b":{}}
,"/Users/user/Documents/projetos/caju-pedro/src/pages/Dashboard/components/Columns/index.tsx": {"path":"/Users/user/Documents/projetos/caju-pedro/src/pages/Dashboard/components/Columns/index.tsx","statementMap":{"0":{"start":{"line":1,"column":0},"end":{"line":1,"column":30}},"1":{"start":{"line":2,"column":0},"end":{"line":2,"column":51}},"2":{"start":{"line":3,"column":0},"end":{"line":3,"column":47}},"3":{"start":{"line":5,"column":19},"end":{"line":9,"column":2}},"4":{"start":{"line":11,"column":17},"end":{"line":42,"column":1}},"5":{"start":{"line":12,"column":55},"end":{"line":12,"column":75}},"6":{"start":{"line":13,"column":2},"end":{"line":41,"column":4}},"7":{"start":{"line":16,"column":8},"end":{"line":38,"column":10}},"8":{"start":{"line":24,"column":37},"end":{"line":24,"column":66}},"9":{"start":{"line":26,"column":20},"end":{"line":33,"column":22}},"10":{"start":{"line":43,"column":0},"end":{"line":43,"column":24}}},"fnMap":{"0":{"name":"(anonymous_0)","decl":{"start":{"line":11,"column":17},"end":{"line":11,"column":20}},"loc":{"start":{"line":11,"column":22},"end":{"line":42,"column":1}}},"1":{"name":"(anonymous_1)","decl":{"start":{"line":15,"column":22},"end":{"line":15,"column":23}},"loc":{"start":{"line":15,"column":33},"end":{"line":39,"column":7}}},"2":{"name":"(anonymous_2)","decl":{"start":{"line":24,"column":27},"end":{"line":24,"column":28}},"loc":{"start":{"line":24,"column":37},"end":{"line":24,"column":66}}},"3":{"name":"(anonymous_3)","decl":{"start":{"line":25,"column":24},"end":{"line":25,"column":25}},"loc":{"start":{"line":25,"column":41},"end":{"line":34,"column":19}}}},"branchMap":{},"s":{"0":1,"1":1,"2":1,"3":1,"4":1,"5":1,"6":1,"7":3,"8":0,"9":0,"10":1},"f":{"0":1,"1":3,"2":0,"3":0},"b":{}}
,"/Users/user/Documents/projetos/caju-pedro/src/pages/Dashboard/components/Columns/styles.tsx": {"path":"/Users/user/Documents/projetos/caju-pedro/src/pages/Dashboard/components/Columns/styles.tsx","statementMap":{"0":{"start":{"line":1,"column":0},"end":{"line":1,"column":39}},"1":{"start":{"line":4,"column":4},"end":{"line":17,"column":2}},"2":{"start":{"line":19,"column":13},"end":{"line":25,"column":2}},"3":{"start":{"line":27,"column":13},"end":{"line":34,"column":2}},"4":{"start":{"line":30,"column":4},"end":{"line":30,"column":47}},"5":{"start":{"line":36,"column":13},"end":{"line":40,"column":2}},"6":{"start":{"line":38,"column":27},"end":{"line":38,"column":65}},"7":{"start":{"line":42,"column":13},"end":{"line":45,"column":2}}},"fnMap":{"0":{"name":"(anonymous_0)","decl":{"start":{"line":29,"column":22},"end":{"line":29,"column":23}},"loc":{"start":{"line":30,"column":4},"end":{"line":30,"column":47}}},"1":{"name":"(anonymous_1)","decl":{"start":{"line":38,"column":11},"end":{"line":38,"column":12}},"loc":{"start":{"line":38,"column":27},"end":{"line":38,"column":65}}}},"branchMap":{},"s":{"0":1,"1":1,"2":1,"3":1,"4":3,"5":1,"6":3,"7":1},"f":{"0":3,"1":3},"b":{}}
,"/Users/user/Documents/projetos/caju-pedro/src/pages/Dashboard/components/Error/index.tsx": {"path":"/Users/user/Documents/projetos/caju-pedro/src/pages/Dashboard/components/Error/index.tsx","statementMap":{"0":{"start":{"line":1,"column":0},"end":{"line":1,"column":55}},"1":{"start":{"line":3,"column":0},"end":{"line":3,"column":30}},"2":{"start":{"line":9,"column":14},"end":{"line":19,"column":1}},"3":{"start":{"line":10,"column":2},"end":{"line":18,"column":4}},"4":{"start":{"line":21,"column":0},"end":{"line":21,"column":21}}},"fnMap":{"0":{"name":"(anonymous_0)","decl":{"start":{"line":9,"column":14},"end":{"line":9,"column":15}},"loc":{"start":{"line":9,"column":43},"end":{"line":19,"column":1}}}},"branchMap":{},"s":{"0":1,"1":1,"2":1,"3":0,"4":1},"f":{"0":0},"b":{}}
,"/Users/user/Documents/projetos/caju-pedro/src/pages/Dashboard/components/Error/styles.tsx": {"path":"/Users/user/Documents/projetos/caju-pedro/src/pages/Dashboard/components/Error/styles.tsx","statementMap":{"0":{"start":{"line":1,"column":0},"end":{"line":1,"column":39}},"1":{"start":{"line":3,"column":13},"end":{"line":8,"column":2}},"2":{"start":{"line":10,"column":13},"end":{"line":16,"column":2}}},"fnMap":{},"branchMap":{},"s":{"0":1,"1":1,"2":1},"f":{},"b":{}}
,"/Users/user/Documents/projetos/caju-pedro/src/pages/Dashboard/components/Loading/index.tsx": {"path":"/Users/user/Documents/projetos/caju-pedro/src/pages/Dashboard/components/Loading/index.tsx","statementMap":{"0":{"start":{"line":1,"column":0},"end":{"line":1,"column":30}},"1":{"start":{"line":3,"column":16},"end":{"line":11,"column":1}},"2":{"start":{"line":4,"column":2},"end":{"line":10,"column":4}},"3":{"start":{"line":13,"column":0},"end":{"line":13,"column":23}}},"fnMap":{"0":{"name":"(anonymous_0)","decl":{"start":{"line":3,"column":16},"end":{"line":3,"column":19}},"loc":{"start":{"line":3,"column":21},"end":{"line":11,"column":1}}}},"branchMap":{},"s":{"0":1,"1":1,"2":1,"3":1},"f":{"0":1},"b":{}}
,"/Users/user/Documents/projetos/caju-pedro/src/pages/Dashboard/components/Loading/styles.tsx": {"path":"/Users/user/Documents/projetos/caju-pedro/src/pages/Dashboard/components/Loading/styles.tsx","statementMap":{"0":{"start":{"line":1,"column":0},"end":{"line":1,"column":39}},"1":{"start":{"line":3,"column":13},"end":{"line":8,"column":2}},"2":{"start":{"line":10,"column":13},"end":{"line":34,"column":2}}},"fnMap":{},"branchMap":{},"s":{"0":1,"1":1,"2":1},"f":{},"b":{}}
,"/Users/user/Documents/projetos/caju-pedro/src/pages/Dashboard/components/RegistrationCard/index.tsx": {"path":"/Users/user/Documents/projetos/caju-pedro/src/pages/Dashboard/components/RegistrationCard/index.tsx","statementMap":{"0":{"start":{"line":1,"column":0},"end":{"line":1,"column":null}},"1":{"start":{"line":8,"column":0},"end":{"line":8,"column":51}},"2":{"start":{"line":11,"column":0},"end":{"line":11,"column":30}},"3":{"start":{"line":19,"column":25},"end":{"line":79,"column":1}},"4":{"start":{"line":20,"column":2},"end":{"line":78,"column":4}},"5":{"start":{"line":41,"column":16},"end":{"line":41,"column":58}},"6":{"start":{"line":53,"column":16},"end":{"line":53,"column":58}},"7":{"start":{"line":64,"column":16},"end":{"line":64,"column":56}},"8":{"start":{"line":73,"column":27},"end":{"line":73,"column":58}},"9":{"start":{"line":81,"column":0},"end":{"line":81,"column":32}}},"fnMap":{"0":{"name":"(anonymous_0)","decl":{"start":{"line":19,"column":25},"end":{"line":19,"column":26}},"loc":{"start":{"line":19,"column":42},"end":{"line":79,"column":1}}},"1":{"name":"(anonymous_1)","decl":{"start":{"line":40,"column":23},"end":{"line":40,"column":26}},"loc":{"start":{"line":40,"column":28},"end":{"line":42,"column":15}}},"2":{"name":"(anonymous_2)","decl":{"start":{"line":52,"column":23},"end":{"line":52,"column":26}},"loc":{"start":{"line":52,"column":28},"end":{"line":54,"column":15}}},"3":{"name":"(anonymous_3)","decl":{"start":{"line":63,"column":23},"end":{"line":63,"column":26}},"loc":{"start":{"line":63,"column":28},"end":{"line":65,"column":15}}},"4":{"name":"(anonymous_4)","decl":{"start":{"line":73,"column":21},"end":{"line":73,"column":24}},"loc":{"start":{"line":73,"column":27},"end":{"line":73,"column":58}}}},"branchMap":{"0":{"loc":{"start":{"line":36,"column":11},"end":{"line":45,"column":null}},"type":"binary-expr","locations":[{"start":{"line":36,"column":11},"end":{"line":36,"column":41}},{"start":{"line":37,"column":12},"end":{"line":42,"column":null}}]},"1":{"loc":{"start":{"line":48,"column":11},"end":{"line":57,"column":null}},"type":"binary-expr","locations":[{"start":{"line":48,"column":11},"end":{"line":48,"column":41}},{"start":{"line":49,"column":12},"end":{"line":54,"column":null}}]},"2":{"loc":{"start":{"line":59,"column":11},"end":{"line":68,"column":null}},"type":"binary-expr","locations":[{"start":{"line":59,"column":11},"end":{"line":59,"column":41}},{"start":{"line":60,"column":12},"end":{"line":65,"column":null}}]}},"s":{"0":2,"1":2,"2":2,"3":2,"4":5,"5":1,"6":1,"7":1,"8":1,"9":2},"f":{"0":5,"1":1,"2":1,"3":1,"4":1},"b":{"0":[5,4],"1":[5,4],"2":[5,1]}}
,"/Users/user/Documents/projetos/caju-pedro/src/pages/Dashboard/components/RegistrationCard/styles.tsx": {"path":"/Users/user/Documents/projetos/caju-pedro/src/pages/Dashboard/components/RegistrationCard/styles.tsx","statementMap":{"0":{"start":{"line":1,"column":0},"end":{"line":1,"column":39}},"1":{"start":{"line":3,"column":13},"end":{"line":17,"column":2}},"2":{"start":{"line":19,"column":13},"end":{"line":23,"column":2}},"3":{"start":{"line":25,"column":13},"end":{"line":35,"column":2}}},"fnMap":{},"branchMap":{},"s":{"0":2,"1":2,"2":2,"3":2},"f":{},"b":{}}
,"/Users/user/Documents/projetos/caju-pedro/src/pages/Dashboard/components/Searchbar/index.tsx": {"path":"/Users/user/Documents/projetos/caju-pedro/src/pages/Dashboard/components/Searchbar/index.tsx","statementMap":{"0":{"start":{"line":1,"column":0},"end":{"line":1,"column":43}},"1":{"start":{"line":2,"column":0},"end":{"line":2,"column":46}},"2":{"start":{"line":4,"column":0},"end":{"line":4,"column":61}},"3":{"start":{"line":5,"column":0},"end":{"line":5,"column":42}},"4":{"start":{"line":6,"column":0},"end":{"line":6,"column":47}},"5":{"start":{"line":7,"column":0},"end":{"line":7,"column":37}},"6":{"start":{"line":8,"column":0},"end":{"line":8,"column":47}},"7":{"start":{"line":10,"column":0},"end":{"line":10,"column":30}},"8":{"start":{"line":11,"column":0},"end":{"line":11,"column":42}},"9":{"start":{"line":13,"column":25},"end":{"line":42,"column":1}},"10":{"start":{"line":14,"column":18},"end":{"line":14,"column":30}},"11":{"start":{"line":15,"column":42},"end":{"line":15,"column":62}},"12":{"start":{"line":17,"column":31},"end":{"line":19,"column":3}},"13":{"start":{"line":18,"column":4},"end":{"line":18,"column":33}},"14":{"start":{"line":21,"column":2},"end":{"line":41,"column":4}},"15":{"start":{"line":29,"column":10},"end":{"line":29,"column":49}},"16":{"start":{"line":34,"column":36},"end":{"line":34,"column":46}},"17":{"start":{"line":36,"column":56},"end":{"line":36,"column":78}},"18":{"start":{"line":13,"column":13},"end":{"line":13,"column":25}}},"fnMap":{"0":{"name":"(anonymous_0)","decl":{"start":{"line":13,"column":25},"end":{"line":13,"column":28}},"loc":{"start":{"line":13,"column":30},"end":{"line":42,"column":1}}},"1":{"name":"(anonymous_1)","decl":{"start":{"line":17,"column":31},"end":{"line":17,"column":34}},"loc":{"start":{"line":17,"column":36},"end":{"line":19,"column":3}}},"2":{"name":"(anonymous_2)","decl":{"start":{"line":28,"column":18},"end":{"line":28,"column":19}},"loc":{"start":{"line":28,"column":28},"end":{"line":30,"column":9}}},"3":{"name":"(anonymous_3)","decl":{"start":{"line":34,"column":30},"end":{"line":34,"column":33}},"loc":{"start":{"line":34,"column":36},"end":{"line":34,"column":46}}},"4":{"name":"(anonymous_4)","decl":{"start":{"line":36,"column":50},"end":{"line":36,"column":53}},"loc":{"start":{"line":36,"column":56},"end":{"line":36,"column":78}}}},"branchMap":{},"s":{"0":2,"1":2,"2":2,"3":2,"4":2,"5":2,"6":2,"7":2,"8":2,"9":2,"10":4,"11":4,"12":4,"13":1,"14":4,"15":1,"16":1,"17":1,"18":2},"f":{"0":4,"1":1,"2":1,"3":1,"4":1},"b":{}}
,"/Users/user/Documents/projetos/caju-pedro/src/pages/Dashboard/components/Searchbar/styles.tsx": {"path":"/Users/user/Documents/projetos/caju-pedro/src/pages/Dashboard/components/Searchbar/styles.tsx","statementMap":{"0":{"start":{"line":1,"column":0},"end":{"line":1,"column":39}},"1":{"start":{"line":3,"column":13},"end":{"line":8,"column":2}},"2":{"start":{"line":10,"column":13},"end":{"line":15,"column":2}}},"fnMap":{},"branchMap":{},"s":{"0":2,"1":2,"2":2},"f":{},"b":{}}
,"/Users/user/Documents/projetos/caju-pedro/src/pages/NewUser/index.tsx": {"path":"/Users/user/Documents/projetos/caju-pedro/src/pages/NewUser/index.tsx","statementMap":{"0":{"start":{"line":1,"column":0},"end":{"line":1,"column":44}},"1":{"start":{"line":2,"column":0},"end":{"line":2,"column":52}},"2":{"start":{"line":3,"column":0},"end":{"line":3,"column":46}},"3":{"start":{"line":5,"column":0},"end":{"line":5,"column":47}},"4":{"start":{"line":6,"column":0},"end":{"line":6,"column":42}},"5":{"start":{"line":7,"column":0},"end":{"line":7,"column":61}},"6":{"start":{"line":8,"column":0},"end":{"line":8,"column":37}},"7":{"start":{"line":10,"column":0},"end":{"line":10,"column":54}},"8":{"start":{"line":12,"column":0},"end":{"line":12,"column":47}},"9":{"start":{"line":14,"column":0},"end":{"line":14,"column":30}},"10":{"start":{"line":16,"column":20},"end":{"line":153,"column":1}},"11":{"start":{"line":17,"column":36},"end":{"line":17,"column":56}},"12":{"start":{"line":18,"column":18},"end":{"line":18,"column":30}},"13":{"start":{"line":19,"column":34},"end":{"line":19,"column":49}},"14":{"start":{"line":21,"column":42},"end":{"line":26,"column":4}},"15":{"start":{"line":28,"column":19},"end":{"line":30,"column":3}},"16":{"start":{"line":29,"column":4},"end":{"line":29,"column":35}},"17":{"start":{"line":32,"column":23},"end":{"line":34,"column":3}},"18":{"start":{"line":33,"column":4},"end":{"line":33,"column":69}},"19":{"start":{"line":33,"column":40},"end":{"line":33,"column":66}},"20":{"start":{"line":36,"column":24},"end":{"line":39,"column":3}},"21":{"start":{"line":37,"column":4},"end":{"line":37,"column":40}},"22":{"start":{"line":38,"column":4},"end":{"line":38,"column":15}},"23":{"start":{"line":41,"column":23},"end":{"line":84,"column":3}},"24":{"start":{"line":42,"column":4},"end":{"line":64,"column":5}},"25":{"start":{"line":43,"column":6},"end":{"line":45,"column":7}},"26":{"start":{"line":44,"column":8},"end":{"line":44,"column":15}},"27":{"start":{"line":47,"column":6},"end":{"line":49,"column":7}},"28":{"start":{"line":48,"column":8},"end":{"line":48,"column":52}},"29":{"start":{"line":51,"column":24},"end":{"line":51,"column":56}},"30":{"start":{"line":52,"column":6},"end":{"line":54,"column":7}},"31":{"start":{"line":53,"column":8},"end":{"line":53,"column":45}},"32":{"start":{"line":56,"column":6},"end":{"line":63,"column":7}},"33":{"start":{"line":62,"column":8},"end":{"line":62,"column":41}},"34":{"start":{"line":66,"column":4},"end":{"line":74,"column":5}},"35":{"start":{"line":67,"column":6},"end":{"line":69,"column":7}},"36":{"start":{"line":68,"column":8},"end":{"line":68,"column":15}},"37":{"start":{"line":70,"column":23},"end":{"line":70,"column":55}},"38":{"start":{"line":71,"column":6},"end":{"line":73,"column":7}},"39":{"start":{"line":72,"column":8},"end":{"line":72,"column":40}},"40":{"start":{"line":76,"column":4},"end":{"line":83,"column":5}},"41":{"start":{"line":77,"column":6},"end":{"line":79,"column":7}},"42":{"start":{"line":78,"column":8},"end":{"line":78,"column":15}},"43":{"start":{"line":80,"column":6},"end":{"line":82,"column":7}},"44":{"start":{"line":81,"column":8},"end":{"line":81,"column":30}},"45":{"start":{"line":86,"column":2},"end":{"line":92,"column":21}},"46":{"start":{"line":87,"column":20},"end":{"line":87,"column":48}},"47":{"start":{"line":88,"column":21},"end":{"line":88,"column":42}},"48":{"start":{"line":89,"column":21},"end":{"line":89,"column":40}},"49":{"start":{"line":91,"column":4},"end":{"line":91,"column":52}},"50":{"start":{"line":94,"column":2},"end":{"line":152,"column":4}},"51":{"start":{"line":100,"column":27},"end":{"line":100,"column":37}},"52":{"start":{"line":112,"column":14},"end":{"line":112,"column":62}},"53":{"start":{"line":122,"column":33},"end":{"line":122,"column":74}},"54":{"start":{"line":132,"column":14},"end":{"line":132,"column":62}},"55":{"start":{"line":143,"column":14},"end":{"line":143,"column":63}},"56":{"start":{"line":155,"column":0},"end":{"line":155,"column":27}}},"fnMap":{"0":{"name":"(anonymous_0)","decl":{"start":{"line":16,"column":20},"end":{"line":16,"column":23}},"loc":{"start":{"line":16,"column":25},"end":{"line":153,"column":1}}},"1":{"name":"(anonymous_1)","decl":{"start":{"line":28,"column":19},"end":{"line":28,"column":22}},"loc":{"start":{"line":28,"column":24},"end":{"line":30,"column":3}}},"2":{"name":"(anonymous_2)","decl":{"start":{"line":32,"column":23},"end":{"line":32,"column":24}},"loc":{"start":{"line":32,"column":56},"end":{"line":34,"column":3}}},"3":{"name":"(anonymous_3)","decl":{"start":{"line":33,"column":20},"end":{"line":33,"column":21}},"loc":{"start":{"line":33,"column":40},"end":{"line":33,"column":66}}},"4":{"name":"(anonymous_4)","decl":{"start":{"line":36,"column":24},"end":{"line":36,"column":27}},"loc":{"start":{"line":36,"column":29},"end":{"line":39,"column":3}}},"5":{"name":"(anonymous_5)","decl":{"start":{"line":41,"column":23},"end":{"line":41,"column":24}},"loc":{"start":{"line":41,"column":41},"end":{"line":84,"column":3}}},"6":{"name":"(anonymous_6)","decl":{"start":{"line":86,"column":12},"end":{"line":86,"column":15}},"loc":{"start":{"line":86,"column":17},"end":{"line":92,"column":3}}},"7":{"name":"(anonymous_7)","decl":{"start":{"line":100,"column":21},"end":{"line":100,"column":24}},"loc":{"start":{"line":100,"column":27},"end":{"line":100,"column":37}}},"8":{"name":"(anonymous_8)","decl":{"start":{"line":111,"column":22},"end":{"line":111,"column":23}},"loc":{"start":{"line":112,"column":14},"end":{"line":112,"column":62}}},"9":{"name":"(anonymous_9)","decl":{"start":{"line":122,"column":22},"end":{"line":122,"column":23}},"loc":{"start":{"line":122,"column":33},"end":{"line":122,"column":74}}},"10":{"name":"(anonymous_10)","decl":{"start":{"line":131,"column":22},"end":{"line":131,"column":23}},"loc":{"start":{"line":132,"column":14},"end":{"line":132,"column":62}}},"11":{"name":"(anonymous_11)","decl":{"start":{"line":142,"column":22},"end":{"line":142,"column":23}},"loc":{"start":{"line":143,"column":14},"end":{"line":143,"column":63}}}},"branchMap":{"0":{"loc":{"start":{"line":42,"column":4},"end":{"line":64,"column":5}},"type":"if","locations":[{"start":{"line":42,"column":4},"end":{"line":64,"column":5}}]},"1":{"loc":{"start":{"line":43,"column":6},"end":{"line":45,"column":7}},"type":"if","locations":[{"start":{"line":43,"column":6},"end":{"line":45,"column":7}}]},"2":{"loc":{"start":{"line":47,"column":6},"end":{"line":49,"column":7}},"type":"if","locations":[{"start":{"line":47,"column":6},"end":{"line":49,"column":7}}]},"3":{"loc":{"start":{"line":52,"column":6},"end":{"line":54,"column":7}},"type":"if","locations":[{"start":{"line":52,"column":6},"end":{"line":54,"column":7}}]},"4":{"loc":{"start":{"line":56,"column":6},"end":{"line":63,"column":7}},"type":"if","locations":[{"start":{"line":56,"column":6},"end":{"line":63,"column":7}}]},"5":{"loc":{"start":{"line":57,"column":8},"end":{"line":60,"column":30}},"type":"binary-expr","locations":[{"start":{"line":57,"column":8},"end":{"line":57,"column":69}},{"start":{"line":58,"column":8},"end":{"line":60,"column":30}}]},"6":{"loc":{"start":{"line":66,"column":4},"end":{"line":74,"column":5}},"type":"if","locations":[{"start":{"line":66,"column":4},"end":{"line":74,"column":5}}]},"7":{"loc":{"start":{"line":67,"column":6},"end":{"line":69,"column":7}},"type":"if","locations":[{"start":{"line":67,"column":6},"end":{"line":69,"column":7}}]},"8":{"loc":{"start":{"line":71,"column":6},"end":{"line":73,"column":7}},"type":"if","locations":[{"start":{"line":71,"column":6},"end":{"line":73,"column":7}}]},"9":{"loc":{"start":{"line":76,"column":4},"end":{"line":83,"column":5}},"type":"if","locations":[{"start":{"line":76,"column":4},"end":{"line":83,"column":5}}]},"10":{"loc":{"start":{"line":77,"column":6},"end":{"line":79,"column":7}},"type":"if","locations":[{"start":{"line":77,"column":6},"end":{"line":79,"column":7}}]},"11":{"loc":{"start":{"line":80,"column":6},"end":{"line":82,"column":7}},"type":"if","locations":[{"start":{"line":80,"column":6},"end":{"line":82,"column":7}}]},"12":{"loc":{"start":{"line":91,"column":16},"end":{"line":91,"column":50}},"type":"binary-expr","locations":[{"start":{"line":91,"column":16},"end":{"line":91,"column":24}},{"start":{"line":91,"column":28},"end":{"line":91,"column":37}},{"start":{"line":91,"column":41},"end":{"line":91,"column":50}}]}},"s":{"0":1,"1":1,"2":1,"3":1,"4":1,"5":1,"6":1,"7":1,"8":1,"9":1,"10":1,"11":24,"12":24,"13":24,"14":24,"15":24,"16":3,"17":24,"18":8,"19":8,"20":24,"21":2,"22":2,"23":24,"24":108,"25":36,"26":12,"27":24,"28":6,"29":18,"30":18,"31":3,"32":15,"33":3,"34":84,"35":36,"36":21,"37":15,"38":15,"39":6,"40":57,"41":36,"42":30,"43":6,"44":0,"45":24,"46":12,"47":12,"48":12,"49":12,"50":24,"51":1,"52":4,"53":2,"54":1,"55":1,"56":1},"f":{"0":24,"1":3,"2":8,"3":8,"4":2,"5":108,"6":12,"7":1,"8":4,"9":2,"10":1,"11":1},"b":{"0":[36],"1":[12],"2":[6],"3":[3],"4":[3],"5":[15,15],"6":[36],"7":[21],"8":[6],"9":[36],"10":[30],"11":[0],"12":[12,8,8]}}
,"/Users/user/Documents/projetos/caju-pedro/src/pages/NewUser/styles.ts": {"path":"/Users/user/Documents/projetos/caju-pedro/src/pages/NewUser/styles.ts","statementMap":{"0":{"start":{"line":1,"column":0},"end":{"line":1,"column":39}},"1":{"start":{"line":2,"column":0},"end":{"line":2,"column":68}},"2":{"start":{"line":3,"column":0},"end":{"line":3,"column":42}},"3":{"start":{"line":6,"column":13},"end":{"line":12,"column":2}},"4":{"start":{"line":14,"column":13},"end":{"line":30,"column":2}}},"fnMap":{},"branchMap":{},"s":{"0":1,"1":1,"2":1,"3":1,"4":1},"f":{},"b":{}}
,"/Users/user/Documents/projetos/caju-pedro/src/router/routes.ts": {"path":"/Users/user/Documents/projetos/caju-pedro/src/router/routes.ts","statementMap":{"0":{"start":{"line":1,"column":15},"end":{"line":6,"column":2}},"1":{"start":{"line":8,"column":0},"end":{"line":8,"column":22}}},"fnMap":{},"branchMap":{},"s":{"0":3,"1":3},"f":{},"b":{}}
,"/Users/user/Documents/projetos/caju-pedro/src/utils/formats.tsx": {"path":"/Users/user/Documents/projetos/caju-pedro/src/utils/formats.tsx","statementMap":{"0":{"start":{"line":1,"column":23},"end":{"line":8,"column":1}},"1":{"start":{"line":2,"column":2},"end":{"line":7,"column":36}},"2":{"start":{"line":1,"column":13},"end":{"line":1,"column":23}},"3":{"start":{"line":10,"column":35},"end":{"line":10,"column":78}},"4":{"start":{"line":10,"column":54},"end":{"line":10,"column":78}},"5":{"start":{"line":10,"column":13},"end":{"line":10,"column":35}},"6":{"start":{"line":12,"column":26},"end":{"line":57,"column":1}},"7":{"start":{"line":13,"column":13},"end":{"line":13,"column":14}},"8":{"start":{"line":16,"column":17},"end":{"line":16,"column":50}},"9":{"start":{"line":18,"column":2},"end":{"line":18,"column":41}},"10":{"start":{"line":18,"column":28},"end":{"line":18,"column":41}},"11":{"start":{"line":20,"column":2},"end":{"line":34,"column":17}},"12":{"start":{"line":34,"column":4},"end":{"line":34,"column":17}},"13":{"start":{"line":36,"column":2},"end":{"line":37,"column":66}},"14":{"start":{"line":36,"column":15},"end":{"line":36,"column":16}},"15":{"start":{"line":37,"column":4},"end":{"line":37,"column":66}},"16":{"start":{"line":39,"column":2},"end":{"line":39,"column":27}},"17":{"start":{"line":41,"column":2},"end":{"line":41,"column":44}},"18":{"start":{"line":41,"column":34},"end":{"line":41,"column":44}},"19":{"start":{"line":43,"column":2},"end":{"line":43,"column":63}},"20":{"start":{"line":43,"column":50},"end":{"line":43,"column":63}},"21":{"start":{"line":45,"column":2},"end":{"line":45,"column":11}},"22":{"start":{"line":47,"column":2},"end":{"line":48,"column":66}},"23":{"start":{"line":47,"column":15},"end":{"line":47,"column":16}},"24":{"start":{"line":48,"column":4},"end":{"line":48,"column":66}},"25":{"start":{"line":50,"column":2},"end":{"line":50,"column":27}},"26":{"start":{"line":52,"column":2},"end":{"line":52,"column":44}},"27":{"start":{"line":52,"column":34},"end":{"line":52,"column":44}},"28":{"start":{"line":54,"column":2},"end":{"line":54,"column":64}},"29":{"start":{"line":54,"column":51},"end":{"line":54,"column":64}},"30":{"start":{"line":56,"column":2},"end":{"line":56,"column":14}},"31":{"start":{"line":12,"column":13},"end":{"line":12,"column":26}}},"fnMap":{"0":{"name":"(anonymous_0)","decl":{"start":{"line":1,"column":23},"end":{"line":1,"column":24}},"loc":{"start":{"line":1,"column":41},"end":{"line":8,"column":1}}},"1":{"name":"(anonymous_1)","decl":{"start":{"line":10,"column":35},"end":{"line":10,"column":36}},"loc":{"start":{"line":10,"column":54},"end":{"line":10,"column":78}}},"2":{"name":"(anonymous_2)","decl":{"start":{"line":12,"column":26},"end":{"line":12,"column":27}},"loc":{"start":{"line":12,"column":42},"end":{"line":57,"column":1}}}},"branchMap":{"0":{"loc":{"start":{"line":18,"column":2},"end":{"line":18,"column":41}},"type":"if","locations":[{"start":{"line":18,"column":2},"end":{"line":18,"column":41}}]},"1":{"loc":{"start":{"line":20,"column":2},"end":{"line":34,"column":17}},"type":"if","locations":[{"start":{"line":20,"column":2},"end":{"line":34,"column":17}}]},"2":{"loc":{"start":{"line":41,"column":2},"end":{"line":41,"column":44}},"type":"if","locations":[{"start":{"line":41,"column":2},"end":{"line":41,"column":44}}]},"3":{"loc":{"start":{"line":41,"column":6},"end":{"line":41,"column":32}},"type":"binary-expr","locations":[{"start":{"line":41,"column":6},"end":{"line":41,"column":17}},{"start":{"line":41,"column":21},"end":{"line":41,"column":32}}]},"4":{"loc":{"start":{"line":43,"column":2},"end":{"line":43,"column":63}},"type":"if","locations":[{"start":{"line":43,"column":2},"end":{"line":43,"column":63}}]},"5":{"loc":{"start":{"line":52,"column":2},"end":{"line":52,"column":44}},"type":"if","locations":[{"start":{"line":52,"column":2},"end":{"line":52,"column":44}}]},"6":{"loc":{"start":{"line":52,"column":6},"end":{"line":52,"column":32}},"type":"binary-expr","locations":[{"start":{"line":52,"column":6},"end":{"line":52,"column":17}},{"start":{"line":52,"column":21},"end":{"line":52,"column":32}}]},"7":{"loc":{"start":{"line":54,"column":2},"end":{"line":54,"column":64}},"type":"if","locations":[{"start":{"line":54,"column":2},"end":{"line":54,"column":64}}]}},"s":{"0":6,"1":2,"2":6,"3":6,"4":4,"5":6,"6":6,"7":10,"8":10,"9":10,"10":3,"11":7,"12":0,"13":7,"14":7,"15":63,"16":7,"17":7,"18":1,"19":7,"20":0,"21":7,"22":7,"23":7,"24":70,"25":7,"26":7,"27":0,"28":7,"29":0,"30":7,"31":6},"f":{"0":2,"1":4,"2":10},"b":{"0":[3],"1":[0],"2":[1],"3":[7,6],"4":[0],"5":[0],"6":[7,7],"7":[0]}}
}
