TN:
SF:src\Context\index.tsx
FNF:0
FNH:0
DA:1,5
LF:1
LH:1
BRF:0
BRH:0
end_of_record
TN:
SF:src\Context\Cadastros\index.tsx
FNF:0
FNH:0
DA:1,5
LF:1
LH:1
BRF:0
BRH:0
end_of_record
TN:
SF:src\Context\Cadastros\useCadastroContext.tsx
FN:35,(anonymous_0)
FN:46,(anonymous_1)
FN:47,(anonymous_2)
FN:59,(anonymous_3)
FN:63,(anonymous_4)
FN:67,(anonymous_5)
FN:68,(anonymous_6)
FN:77,(anonymous_7)
FN:78,(anonymous_8)
FN:81,(anonymous_9)
FN:87,(anonymous_10)
FN:119,(anonymous_11)
FNF:12
FNH:9
FNDA:11,(anonymous_0)
FNDA:1,(anonymous_1)
FNDA:1,(anonymous_2)
FNDA:4,(anonymous_3)
FNDA:1,(anonymous_4)
FNDA:0,(anonymous_5)
FNDA:0,(anonymous_6)
FNDA:1,(anonymous_7)
FNDA:1,(anonymous_8)
FNDA:4,(anonymous_9)
FNDA:0,(anonymous_10)
FNDA:10,(anonymous_11)
DA:1,6
DA:2,6
DA:3,6
DA:33,6
DA:35,6
DA:36,11
DA:37,11
DA:41,11
DA:44,11
DA:46,11
DA:47,1
DA:57,11
DA:59,11
DA:60,4
DA:63,11
DA:64,1
DA:67,11
DA:68,0
DA:69,0
DA:70,0
DA:72,0
DA:77,11
DA:78,1
DA:81,11
DA:82,4
DA:83,4
DA:87,11
DA:88,0
DA:92,0
DA:95,11
DA:112,11
DA:119,10
LF:32
LH:26
BRDA:69,0,0,0
BRDA:82,1,0,4
BRDA:82,2,0,4
BRDA:82,2,1,3
BRF:4
BRH:3
end_of_record
TN:
SF:src\components\Buttons\IconButton.tsx
FN:22,(anonymous_0)
FNF:1
FNH:1
FNDA:21,(anonymous_0)
DA:1,3
DA:3,3
DA:22,3
DA:23,21
LF:4
LH:4
BRF:0
BRH:0
end_of_record
TN:
SF:src\components\Buttons\index.tsx
FN:10,(anonymous_0)
FN:28,(anonymous_1)
FN:29,(anonymous_2)
FNF:3
FNH:3
FNDA:34,(anonymous_0)
FNDA:9,(anonymous_1)
FNDA:9,(anonymous_2)
DA:1,7
DA:3,7
DA:10,34
DA:19,7
DA:28,9
DA:29,9
DA:33,7
LF:7
LH:7
BRDA:10,0,0,34
BRDA:10,0,1,29
BRDA:28,1,0,9
BRDA:28,1,1,0
BRDA:29,2,0,9
BRDA:29,2,1,9
BRF:6
BRH:5
end_of_record
TN:
SF:src\components\ModalConfirmacao\index.tsx
FN:6,(anonymous_0)
FN:10,(anonymous_1)
FN:17,(anonymous_2)
FN:43,(anonymous_3)
FN:49,(anonymous_4)
FNF:5
FNH:5
FNDA:6,(anonymous_0)
FNDA:1,(anonymous_1)
FNDA:5,(anonymous_2)
FNDA:1,(anonymous_3)
FNDA:1,(anonymous_4)
DA:1,2
DA:3,2
DA:4,2
DA:6,2
DA:8,6
DA:10,6
DA:11,1
DA:12,1
DA:14,1
DA:17,6
DA:18,5
DA:19,1
DA:22,4
DA:23,1
DA:26,3
DA:29,6
DA:43,1
DA:49,1
DA:61,2
LF:19
LH:19
BRDA:11,0,0,1
BRDA:11,1,0,1
BRDA:11,1,1,1
BRDA:18,2,0,1
BRDA:22,3,0,1
BRDA:31,4,0,6
BRDA:31,4,1,5
BRF:7
BRH:7
end_of_record
TN:
SF:src\components\ModalConfirmacao\styles.tsx
FNF:0
FNH:0
DA:1,2
DA:3,2
DA:13,2
DA:25,2
DA:32,2
LF:5
LH:5
BRF:0
BRH:0
end_of_record
TN:
SF:src\components\ModalMessage\index.tsx
FN:6,(anonymous_0)
FN:21,(anonymous_1)
FNF:2
FNH:2
FNDA:3,(anonymous_0)
FNDA:1,(anonymous_1)
DA:1,2
DA:3,2
DA:4,2
DA:6,2
DA:7,3
DA:9,3
DA:21,1
DA:33,2
LF:8
LH:8
BRDA:11,0,0,3
BRDA:11,0,1,2
BRF:2
BRH:2
end_of_record
TN:
SF:src\components\ModalMessage\styles.tsx
FNF:0
FNH:0
DA:1,2
DA:3,2
DA:13,2
DA:25,2
DA:34,2
LF:5
LH:5
BRF:0
BRH:0
end_of_record
TN:
SF:src\components\TextField\index.tsx
FN:34,(anonymous_0)
FNF:1
FNH:1
FNDA:72,(anonymous_0)
DA:2,3
DA:4,3
DA:24,3
DA:34,3
DA:35,72
DA:44,3
LF:6
LH:6
BRF:0
BRH:0
end_of_record
TN:
SF:src\hooks\useDadosDashboard\index.tsx
FN:1,(anonymous_0)
FNF:1
FNH:1
FNDA:11,(anonymous_0)
DA:1,17
LF:1
LH:1
BRF:0
BRH:0
end_of_record
TN:
SF:src\hooks\useDadosDashboard\useDadosDashboard.tsx
FN:12,(anonymous_0)
FN:16,(anonymous_1)
FN:27,(anonymous_2)
FN:30,(anonymous_3)
FN:34,(anonymous_4)
FN:39,(anonymous_5)
FN:51,(anonymous_6)
FN:57,(anonymous_7)
FN:62,(anonymous_8)
FN:69,(anonymous_9)
FN:76,(anonymous_10)
FN:81,(anonymous_11)
FN:91,(anonymous_12)
FNF:13
FNH:6
FNDA:11,(anonymous_0)
FNDA:5,(anonymous_1)
FNDA:5,(anonymous_2)
FNDA:5,(anonymous_3)
FNDA:0,(anonymous_4)
FNDA:1,(anonymous_5)
FNDA:1,(anonymous_6)
FNDA:0,(anonymous_7)
FNDA:0,(anonymous_8)
FNDA:0,(anonymous_9)
FNDA:0,(anonymous_10)
FNDA:0,(anonymous_11)
FNDA:0,(anonymous_12)
DA:1,6
DA:2,6
DA:5,6
DA:12,6
DA:13,11
DA:14,11
DA:16,11
DA:17,5
DA:18,5
DA:19,1
DA:22,5
DA:24,5
DA:28,5
DA:31,5
DA:32,5
DA:35,0
DA:39,11
DA:44,1
DA:52,1
DA:53,1
DA:54,1
DA:58,0
DA:62,11
DA:63,0
DA:70,0
DA:71,0
DA:73,0
DA:77,0
DA:81,11
DA:82,0
DA:92,0
DA:93,0
DA:98,11
DA:108,6
LF:34
LH:24
BRDA:18,0,0,1
BRDA:52,1,0,1
BRDA:70,2,0,0
BRDA:92,3,0,0
BRF:4
BRH:2
end_of_record
TN:
SF:src\pages\Dashboard\index.tsx
FN:12,(anonymous_0)
FN:101,(anonymous_1)
FNF:2
FNH:2
FNDA:2,(anonymous_0)
FNDA:2,(anonymous_1)
DA:1,1
DA:2,1
DA:3,1
DA:4,1
DA:5,1
DA:6,1
DA:7,1
DA:9,1
DA:10,1
DA:12,1
DA:13,2
DA:101,2
DA:102,2
DA:105,2
DA:106,0
DA:109,2
DA:110,1
DA:113,1
DA:124,1
LF:19
LH:18
BRDA:105,0,0,0
BRDA:109,1,0,1
BRF:2
BRH:1
end_of_record
TN:
SF:src\pages\Dashboard\styles.tsx
FNF:0
FNH:0
DA:1,1
DA:3,1
LF:2
LH:2
BRF:0
BRH:0
end_of_record
TN:
SF:src\pages\Dashboard\components\Columns\index.tsx
FN:11,(anonymous_0)
FN:15,(anonymous_1)
FN:24,(anonymous_2)
FN:25,(anonymous_3)
FNF:4
FNH:2
FNDA:1,(anonymous_0)
FNDA:3,(anonymous_1)
FNDA:0,(anonymous_2)
FNDA:0,(anonymous_3)
DA:1,1
DA:2,1
DA:3,1
DA:5,1
DA:11,1
DA:12,1
DA:13,1
DA:16,3
DA:24,0
DA:26,0
DA:43,1
LF:11
LH:9
BRF:0
BRH:0
end_of_record
TN:
SF:src\pages\Dashboard\components\Columns\styles.tsx
FN:29,(anonymous_0)
FN:38,(anonymous_1)
FNF:2
FNH:2
FNDA:3,(anonymous_0)
FNDA:3,(anonymous_1)
DA:1,1
DA:4,1
DA:19,1
DA:27,1
DA:30,3
DA:36,1
DA:38,3
DA:42,1
LF:8
LH:8
BRF:0
BRH:0
end_of_record
TN:
SF:src\pages\Dashboard\components\Error\index.tsx
FN:9,(anonymous_0)
FNF:1
FNH:0
FNDA:0,(anonymous_0)
DA:1,1
DA:3,1
DA:9,1
DA:10,0
DA:21,1
LF:5
LH:4
BRF:0
BRH:0
end_of_record
TN:
SF:src\pages\Dashboard\components\Error\styles.tsx
FNF:0
FNH:0
DA:1,1
DA:3,1
DA:10,1
LF:3
LH:3
BRF:0
BRH:0
end_of_record
TN:
SF:src\pages\Dashboard\components\Loading\index.tsx
FN:3,(anonymous_0)
FNF:1
FNH:1
FNDA:1,(anonymous_0)
DA:1,1
DA:3,1
DA:4,1
DA:13,1
LF:4
LH:4
BRF:0
BRH:0
end_of_record
TN:
SF:src\pages\Dashboard\components\Loading\styles.tsx
FNF:0
FNH:0
DA:1,1
DA:3,1
DA:10,1
LF:3
LH:3
BRF:0
BRH:0
end_of_record
TN:
SF:src\pages\Dashboard\components\RegistrationCard\index.tsx
FN:19,(anonymous_0)
FN:40,(anonymous_1)
FN:52,(anonymous_2)
FN:63,(anonymous_3)
FN:73,(anonymous_4)
FNF:5
FNH:5
FNDA:5,(anonymous_0)
FNDA:1,(anonymous_1)
FNDA:1,(anonymous_2)
FNDA:1,(anonymous_3)
FNDA:1,(anonymous_4)
DA:1,2
DA:8,2
DA:11,2
DA:19,2
DA:20,5
DA:41,1
DA:53,1
DA:64,1
DA:73,1
DA:81,2
LF:10
LH:10
BRDA:36,0,0,5
BRDA:36,0,1,4
BRDA:48,1,0,5
BRDA:48,1,1,4
BRDA:59,2,0,5
BRDA:59,2,1,1
BRF:6
BRH:6
end_of_record
TN:
SF:src\pages\Dashboard\components\RegistrationCard\styles.tsx
FNF:0
FNH:0
DA:1,2
DA:3,2
DA:19,2
DA:25,2
LF:4
LH:4
BRF:0
BRH:0
end_of_record
TN:
SF:src\pages\Dashboard\components\Searchbar\index.tsx
FN:13,(anonymous_0)
FN:17,(anonymous_1)
FN:28,(anonymous_2)
FN:34,(anonymous_3)
FN:36,(anonymous_4)
FNF:5
FNH:5
FNDA:4,(anonymous_0)
FNDA:1,(anonymous_1)
FNDA:1,(anonymous_2)
FNDA:1,(anonymous_3)
FNDA:1,(anonymous_4)
DA:1,2
DA:2,2
DA:4,2
DA:5,2
DA:6,2
DA:7,2
DA:8,2
DA:10,2
DA:11,2
DA:13,2
DA:14,4
DA:15,4
DA:17,4
DA:18,1
DA:21,4
DA:29,1
DA:34,1
DA:36,1
LF:18
LH:18
BRF:0
BRH:0
end_of_record
TN:
SF:src\pages\Dashboard\components\Searchbar\styles.tsx
FNF:0
FNH:0
DA:1,2
DA:3,2
DA:10,2
LF:3
LH:3
BRF:0
BRH:0
end_of_record
TN:
SF:src\pages\NewUser\index.tsx
FN:16,(anonymous_0)
FN:28,(anonymous_1)
FN:32,(anonymous_2)
FN:33,(anonymous_3)
FN:36,(anonymous_4)
FN:41,(anonymous_5)
FN:86,(anonymous_6)
FN:100,(anonymous_7)
FN:111,(anonymous_8)
FN:122,(anonymous_9)
FN:131,(anonymous_10)
FN:142,(anonymous_11)
FNF:12
FNH:12
FNDA:24,(anonymous_0)
FNDA:3,(anonymous_1)
FNDA:8,(anonymous_2)
FNDA:8,(anonymous_3)
FNDA:2,(anonymous_4)
FNDA:108,(anonymous_5)
FNDA:12,(anonymous_6)
FNDA:1,(anonymous_7)
FNDA:4,(anonymous_8)
FNDA:2,(anonymous_9)
FNDA:1,(anonymous_10)
FNDA:1,(anonymous_11)
DA:1,1
DA:2,1
DA:3,1
DA:5,1
DA:6,1
DA:7,1
DA:8,1
DA:10,1
DA:12,1
DA:14,1
DA:16,1
DA:17,24
DA:18,24
DA:19,24
DA:21,24
DA:28,24
DA:29,3
DA:32,24
DA:33,8
DA:36,24
DA:37,2
DA:38,2
DA:41,24
DA:42,108
DA:43,36
DA:44,12
DA:47,24
DA:48,6
DA:51,18
DA:52,18
DA:53,3
DA:56,15
DA:62,3
DA:66,84
DA:67,36
DA:68,21
DA:70,15
DA:71,15
DA:72,6
DA:76,57
DA:77,36
DA:78,30
DA:80,6
DA:81,0
DA:86,24
DA:87,12
DA:88,12
DA:89,12
DA:91,12
DA:94,24
DA:100,1
DA:112,4
DA:122,2
DA:132,1
DA:143,1
DA:155,1
LF:56
LH:55
BRDA:42,0,0,36
BRDA:43,1,0,12
BRDA:47,2,0,6
BRDA:52,3,0,3
BRDA:56,4,0,3
BRDA:57,5,0,15
BRDA:57,5,1,15
BRDA:66,6,0,36
BRDA:67,7,0,21
BRDA:71,8,0,6
BRDA:76,9,0,36
BRDA:77,10,0,30
BRDA:80,11,0,0
BRDA:91,12,0,12
BRDA:91,12,1,8
BRDA:91,12,2,8
BRF:16
BRH:15
end_of_record
TN:
SF:src\pages\NewUser\styles.ts
FNF:0
FNH:0
DA:1,1
DA:2,1
DA:3,1
DA:6,1
DA:14,1
LF:5
LH:5
BRF:0
BRH:0
end_of_record
TN:
SF:src\router\routes.ts
FNF:0
FNH:0
DA:1,3
DA:8,3
LF:2
LH:2
BRF:0
BRH:0
end_of_record
TN:
SF:src\utils\formats.tsx
FN:1,(anonymous_0)
FN:10,(anonymous_1)
FN:12,(anonymous_2)
FNF:3
FNH:3
FNDA:2,(anonymous_0)
FNDA:4,(anonymous_1)
FNDA:10,(anonymous_2)
DA:1,6
DA:2,2
DA:10,6
DA:12,6
DA:13,10
DA:16,10
DA:18,10
DA:20,7
DA:34,0
DA:36,7
DA:37,63
DA:39,7
DA:41,7
DA:43,7
DA:45,7
DA:47,7
DA:48,70
DA:50,7
DA:52,7
DA:54,7
DA:56,7
LF:21
LH:20
BRDA:18,0,0,3
BRDA:20,1,0,0
BRDA:41,2,0,1
BRDA:41,3,0,7
BRDA:41,3,1,6
BRDA:43,4,0,0
BRDA:52,5,0,0
BRDA:52,6,0,7
BRDA:52,6,1,7
BRDA:54,7,0,0
BRF:10
BRH:6
end_of_record
